#
# There is insufficient memory for the Java Runtime Environment to continue.
# Native memory allocation (malloc) failed to allocate 1831216 bytes for Chunk::new
# Possible reasons:
#   The system is out of physical RAM or swap space
#   The process is running with CompressedOops enabled, and the Java Heap may be blocking the growth of the native heap
# Possible solutions:
#   Reduce memory load on the system
#   Increase physical memory or swap space
#   Check if swap backing store is full
#   Decrease Java heap size (-Xmx/-Xms)
#   Decrease number of Java threads
#   Decrease Java thread stack sizes (-Xss)
#   Set larger code cache with -XX:ReservedCodeCacheSize=
#   JVM is running with Unscaled Compressed Oops mode in which the Java heap is
#     placed in the first 4GB address space. The Java Heap base address is the
#     maximum limit for the native heap growth. Please use -XX:HeapBaseMinAddress
#     to set the Java Heap base and to place the Java Heap above 4GB virtual address.
# This output file may be truncated or incomplete.
#
#  Out of Memory Error (./src/hotspot/share/memory/arena.cpp:197), pid=9548, tid=13424
#
# JRE version: OpenJDK Runtime Environment (11.0.11+9) (build 11.0.11+9-b60-7590822)
# Java VM: OpenJDK 64-Bit Server VM (11.0.11+9-b60-7590822, mixed mode, tiered, compressed oops, g1 gc, windows-amd64)
# No core dump will be written. Minidumps are not enabled by default on client versions of Windows
#

---------------  S U M M A R Y ------------

Command Line: --add-opens=java.base/java.util=ALL-UNNAMED --add-opens=java.base/java.lang=ALL-UNNAMED --add-opens=java.base/java.lang.invoke=ALL-UNNAMED --add-opens=java.base/java.util=ALL-UNNAMED --add-opens=java.prefs/java.util.prefs=ALL-UNNAMED --add-opens=java.prefs/java.util.prefs=ALL-UNNAMED --add-opens=java.base/java.nio.charset=ALL-UNNAMED --add-opens=java.base/java.net=ALL-UNNAMED --add-opens=java.base/java.util.concurrent.atomic=ALL-UNNAMED -Xmx2048m -Dfile.encoding=UTF-8 -Duser.country=ID -Duser.language=en -Duser.variant org.gradle.launcher.daemon.bootstrap.GradleDaemon 7.2

Host: Intel(R) Core(TM) i7-7700HQ CPU @ 2.80GHz, 8 cores, 15G,  Windows 10 , 64 bit Build 19041 (10.0.19041.1566)
Time: Wed Apr 20 12:22:25 2022 SE Asia Standard Time elapsed time: 4.852664 seconds (0d 0h 0m 4s)

---------------  T H R E A D  ---------------

Current thread (0x000002869e8d6000):  JavaThread "C2 CompilerThread2" daemon [_thread_in_native, id=13424, stack(0x0000008961500000,0x0000008961600000)]


Current CompileTask:
C2:   4852 3092   !   4       java.net.URLClassLoader$1::run (63 bytes)

Stack: [0x0000008961500000,0x0000008961600000]
Native frames: (J=compiled Java code, j=interpreted, Vv=VM code, C=native code)
V  [jvm.dll+0x5f214a]
V  [jvm.dll+0x726fb5]
V  [jvm.dll+0x7285cd]
V  [jvm.dll+0x728c83]
V  [jvm.dll+0x243278]
V  [jvm.dll+0xbc53c]
V  [jvm.dll+0xbca3c]
V  [jvm.dll+0x353e3b]
V  [jvm.dll+0x321893]
V  [jvm.dll+0x320d8a]
V  [jvm.dll+0x1fc1e2]
V  [jvm.dll+0x1fb3d4]
V  [jvm.dll+0x183d6c]
V  [jvm.dll+0x209a57]
V  [jvm.dll+0x2082a1]
V  [jvm.dll+0x6ef58f]
V  [jvm.dll+0x6e80b5]
V  [jvm.dll+0x5f1036]
C  [ucrtbase.dll+0x21bb2]
C  [KERNEL32.DLL+0x17034]
C  [ntdll.dll+0x52651]


---------------  P R O C E S S  ---------------

Threads class SMR info:
_java_thread_list=0x00000286a10d3830, length=33, elements={
0x00000286fdeed000, 0x000002869b3f3000, 0x000002869b400000, 0x000002869b457800,
0x000002869b459000, 0x000002869b45c000, 0x000002869b45e000, 0x000002869b462800,
0x000002869b465800, 0x000002869b5d9000, 0x000002869d8e5000, 0x000002869b6b1000,
0x000002869b697000, 0x000002869dbad800, 0x000002869d752800, 0x000002869e661000,
0x000002869cfe9800, 0x000002869d44c000, 0x000002869d815800, 0x000002869d6c8000,
0x000002869d6ca800, 0x000002869d6c9800, 0x000002869d6cb000, 0x000002869d6c9000,
0x000002869e701800, 0x000002869e8d6000, 0x000002869e702000, 0x000002869e700800,
0x000002869e704000, 0x000002869e6ff800, 0x000002869e703000, 0x000002869e6fe000,
0x000002869e708800
}

Java Threads: ( => current thread )
  0x00000286fdeed000 JavaThread "main" [_thread_blocked, id=12520, stack(0x000000895ed00000,0x000000895ee00000)]
  0x000002869b3f3000 JavaThread "Reference Handler" daemon [_thread_blocked, id=10028, stack(0x000000895f400000,0x000000895f500000)]
  0x000002869b400000 JavaThread "Finalizer" daemon [_thread_blocked, id=6468, stack(0x000000895f500000,0x000000895f600000)]
  0x000002869b457800 JavaThread "Signal Dispatcher" daemon [_thread_blocked, id=6552, stack(0x000000895f600000,0x000000895f700000)]
  0x000002869b459000 JavaThread "Attach Listener" daemon [_thread_blocked, id=4936, stack(0x000000895f700000,0x000000895f800000)]
  0x000002869b45c000 JavaThread "Service Thread" daemon [_thread_blocked, id=3424, stack(0x000000895f800000,0x000000895f900000)]
  0x000002869b45e000 JavaThread "C2 CompilerThread0" daemon [_thread_in_native, id=14000, stack(0x000000895f900000,0x000000895fa00000)]
  0x000002869b462800 JavaThread "C1 CompilerThread0" daemon [_thread_blocked, id=9276, stack(0x000000895fa00000,0x000000895fb00000)]
  0x000002869b465800 JavaThread "Sweeper thread" daemon [_thread_blocked, id=11412, stack(0x000000895fb00000,0x000000895fc00000)]
  0x000002869b5d9000 JavaThread "Common-Cleaner" daemon [_thread_blocked, id=10724, stack(0x000000895fc00000,0x000000895fd00000)]
  0x000002869d8e5000 JavaThread "Daemon health stats" [_thread_blocked, id=1344, stack(0x0000008960500000,0x0000008960600000)]
  0x000002869b6b1000 JavaThread "Incoming local TCP Connector on port 52573" [_thread_in_native, id=1020, stack(0x000000895fe00000,0x000000895ff00000)]
  0x000002869b697000 JavaThread "Daemon periodic checks" [_thread_blocked, id=1936, stack(0x000000895ff00000,0x0000008960000000)]
  0x000002869dbad800 JavaThread "Daemon" [_thread_blocked, id=7300, stack(0x0000008960600000,0x0000008960700000)]
  0x000002869d752800 JavaThread "Handler for socket connection from /127.0.0.1:52573 to /127.0.0.1:52574" [_thread_in_native, id=3120, stack(0x0000008960700000,0x0000008960800000)]
  0x000002869e661000 JavaThread "Cancel handler" [_thread_blocked, id=11760, stack(0x0000008960800000,0x0000008960900000)]
  0x000002869cfe9800 JavaThread "Daemon worker" [_thread_in_vm, id=11124, stack(0x0000008960900000,0x0000008960a00000)]
  0x000002869d44c000 JavaThread "C2 CompilerThread1" daemon [_thread_in_native, id=4308, stack(0x0000008960a00000,0x0000008960b00000)]
  0x000002869d815800 JavaThread "Asynchronous log dispatcher for DefaultDaemonConnection: socket connection from /127.0.0.1:52573 to /127.0.0.1:52574" [_thread_blocked, id=8144, stack(0x0000008960b00000,0x0000008960c00000)]
  0x000002869d6c8000 JavaThread "Stdin handler" [_thread_blocked, id=11580, stack(0x0000008960c00000,0x0000008960d00000)]
  0x000002869d6ca800 JavaThread "Daemon client event forwarder" [_thread_blocked, id=2304, stack(0x0000008960d00000,0x0000008960e00000)]
  0x000002869d6c9800 JavaThread "Cache worker for journal cache (C:\Users\acer\.gradle\caches\journal-1)" [_thread_blocked, id=3188, stack(0x0000008960e00000,0x0000008960f00000)]
  0x000002869d6cb000 JavaThread "File lock request listener" [_thread_in_native, id=6776, stack(0x0000008960f00000,0x0000008961000000)]
  0x000002869d6c9000 JavaThread "Cache worker for file hash cache (C:\Users\acer\.gradle\caches\7.2\fileHashes)" [_thread_blocked, id=2332, stack(0x0000008961000000,0x0000008961100000)]
  0x000002869e701800 JavaThread "Cache worker for file hash cache (F:\UNIKOM\aplikasi komputer bergerak\tugas\lat2\.gradle\7.2\fileHashes)" [_thread_blocked, id=13360, stack(0x0000008961400000,0x0000008961500000)]
=>0x000002869e8d6000 JavaThread "C2 CompilerThread2" daemon [_thread_in_native, id=13424, stack(0x0000008961500000,0x0000008961600000)]
  0x000002869e702000 JavaThread "File watcher server" daemon [_thread_in_native, id=7052, stack(0x0000008961600000,0x0000008961700000)]
  0x000002869e700800 JavaThread "File watcher consumer" daemon [_thread_blocked, id=1860, stack(0x0000008961700000,0x0000008961800000)]
  0x000002869e704000 JavaThread "Cache worker for checksums cache (F:\UNIKOM\aplikasi komputer bergerak\tugas\lat2\.gradle\checksums)" [_thread_blocked, id=13944, stack(0x0000008961800000,0x0000008961900000)]
  0x000002869e6ff800 JavaThread "Cache worker for cache directory md-supplier (C:\Users\acer\.gradle\caches\7.2\md-supplier)" [_thread_blocked, id=1700, stack(0x0000008961900000,0x0000008961a00000)]
  0x000002869e703000 JavaThread "Cache worker for cache directory md-rule (C:\Users\acer\.gradle\caches\7.2\md-rule)" [_thread_blocked, id=9248, stack(0x0000008961a00000,0x0000008961b00000)]
  0x000002869e6fe000 JavaThread "Cache worker for execution history cache (C:\Users\acer\.gradle\caches\7.2\executionHistory)" [_thread_blocked, id=5072, stack(0x0000008961b00000,0x0000008961c00000)]
  0x000002869e708800 JavaThread "jar transforms" [_thread_blocked, id=6492, stack(0x0000008961c00000,0x0000008961d00000)]

Other Threads:
  0x000002869b3f0800 VMThread "VM Thread" [stack: 0x000000895f300000,0x000000895f400000] [id=11324]
  0x000002869b5fc000 WatcherThread [stack: 0x000000895fd00000,0x000000895fe00000] [id=14168]
  0x00000286fdf07000 GCTaskThread "GC Thread#0" [stack: 0x000000895ee00000,0x000000895ef00000] [id=13968]
  0x000002869bf9c000 GCTaskThread "GC Thread#1" [stack: 0x0000008960000000,0x0000008960100000] [id=12128]
  0x000002869c4cc800 GCTaskThread "GC Thread#2" [stack: 0x0000008960100000,0x0000008960200000] [id=12740]
  0x000002869bb1a800 GCTaskThread "GC Thread#3" [stack: 0x0000008960200000,0x0000008960300000] [id=1628]
  0x000002869c36a800 GCTaskThread "GC Thread#4" [stack: 0x0000008960300000,0x0000008960400000] [id=14140]
  0x000002869ba10800 GCTaskThread "GC Thread#5" [stack: 0x0000008960400000,0x0000008960500000] [id=7572]
  0x000002869d875800 GCTaskThread "GC Thread#6" [stack: 0x0000008961100000,0x0000008961200000] [id=8376]
  0x000002869d877800 GCTaskThread "GC Thread#7" [stack: 0x0000008961200000,0x0000008961300000] [id=5880]
  0x00000286fdf38000 ConcurrentGCThread "G1 Main Marker" [stack: 0x000000895ef00000,0x000000895f000000] [id=3268]
  0x00000286fdf39000 ConcurrentGCThread "G1 Conc#0" [stack: 0x000000895f000000,0x000000895f100000] [id=14080]
  0x000002869d872000 ConcurrentGCThread "G1 Conc#1" [stack: 0x0000008961300000,0x0000008961400000] [id=8724]
  0x000002869aa38800 ConcurrentGCThread "G1 Refine#0" [stack: 0x000000895f100000,0x000000895f200000] [id=14232]
  0x000002869aa39800 ConcurrentGCThread "G1 Young RemSet Sampling" [stack: 0x000000895f200000,0x000000895f300000] [id=9600]

Threads with active compile tasks:
C2 CompilerThread0   4898 3290       4       sun.net.util.URLUtil::urlNoFragString (114 bytes)
C2 CompilerThread1   4898 3091       4       java.net.URLClassLoader$1::run (5 bytes)
C2 CompilerThread2   4898 3092   !   4       java.net.URLClassLoader$1::run (63 bytes)

VM state:not at safepoint (normal execution)

VM Mutex/Monitor currently owned by a thread: None

Heap address: 0x0000000080000000, size: 2048 MB, Compressed Oops mode: 32-bit
Narrow klass base: 0x0000000000000000, Narrow klass shift: 3
Compressed class space size: 1073741824 Address: 0x0000000100000000

Heap:
 garbage-first heap   total 260096K, used 52928K [0x0000000080000000, 0x0000000100000000)
  region size 1024K, 37 young (37888K), 6 survivors (6144K)
 Metaspace       used 37490K, capacity 38389K, committed 38604K, reserved 1083392K
  class space    used 4848K, capacity 5194K, committed 5324K, reserved 1048576K
Heap Regions: E=young(eden), S=young(survivor), O=old, HS=humongous(starts), HC=humongous(continues), CS=collection set, F=free, A=archive, TAMS=top-at-mark-start (previous, next)
|   0|0x0000000080000000, 0x0000000080100000, 0x0000000080100000|100%| O|  |TAMS 0x0000000080100000, 0x0000000080000000| Untracked 
|   1|0x0000000080100000, 0x0000000080200000, 0x0000000080200000|100%| O|  |TAMS 0x0000000080200000, 0x0000000080100000| Untracked 
|   2|0x0000000080200000, 0x0000000080300000, 0x0000000080300000|100%| O|  |TAMS 0x0000000080300000, 0x0000000080200000| Untracked 
|   3|0x0000000080300000, 0x0000000080400000, 0x0000000080400000|100%|HS|  |TAMS 0x0000000080400000, 0x0000000080300000| Complete 
|   4|0x0000000080400000, 0x0000000080500000, 0x0000000080500000|100%|HC|  |TAMS 0x0000000080500000, 0x0000000080400000| Complete 
|   5|0x0000000080500000, 0x0000000080600000, 0x0000000080600000|100%|HC|  |TAMS 0x0000000080600000, 0x0000000080500000| Complete 
|   6|0x0000000080600000, 0x0000000080700000, 0x0000000080700000|100%| O|  |TAMS 0x0000000080700000, 0x0000000080600000| Untracked 
|   7|0x0000000080700000, 0x0000000080800000, 0x0000000080800000|100%| O|  |TAMS 0x0000000080800000, 0x0000000080700000| Untracked 
|   8|0x0000000080800000, 0x0000000080900000, 0x0000000080900000|100%| O|  |TAMS 0x0000000080900000, 0x0000000080800000| Untracked 
|   9|0x0000000080900000, 0x0000000080a00000, 0x0000000080a00000|100%| O|  |TAMS 0x0000000080a00000, 0x0000000080900000| Untracked 
|  10|0x0000000080a00000, 0x0000000080b00000, 0x0000000080b00000|100%| O|  |TAMS 0x0000000080b00000, 0x0000000080a00000| Untracked 
|  11|0x0000000080b00000, 0x0000000080c00000, 0x0000000080c00000|100%| O|  |TAMS 0x0000000080c00000, 0x0000000080b00000| Untracked 
|  12|0x0000000080c00000, 0x0000000080d00000, 0x0000000080d00000|100%| O|  |TAMS 0x0000000080d00000, 0x0000000080c00000| Untracked 
|  13|0x0000000080d00000, 0x0000000080e00000, 0x0000000080e00000|100%| O|  |TAMS 0x0000000080e00000, 0x0000000080d00000| Untracked 
|  14|0x0000000080e00000, 0x0000000080f00000, 0x0000000080f00000|100%| O|  |TAMS 0x0000000080f00000, 0x0000000080e00000| Untracked 
|  15|0x0000000080f00000, 0x0000000080fdd000, 0x0000000081000000| 86%| O|  |TAMS 0x0000000080fdd000, 0x0000000080f00000| Untracked 
|  16|0x0000000081000000, 0x0000000081000000, 0x0000000081100000|  0%| F|  |TAMS 0x0000000081000000, 0x0000000081000000| Untracked 
|  17|0x0000000081100000, 0x0000000081100000, 0x0000000081200000|  0%| F|  |TAMS 0x0000000081100000, 0x0000000081100000| Untracked 
|  18|0x0000000081200000, 0x0000000081200000, 0x0000000081300000|  0%| F|  |TAMS 0x0000000081200000, 0x0000000081200000| Untracked 
|  19|0x0000000081300000, 0x0000000081300000, 0x0000000081400000|  0%| F|  |TAMS 0x0000000081300000, 0x0000000081300000| Untracked 
|  20|0x0000000081400000, 0x0000000081400000, 0x0000000081500000|  0%| F|  |TAMS 0x0000000081400000, 0x0000000081400000| Untracked 
|  21|0x0000000081500000, 0x0000000081500000, 0x0000000081600000|  0%| F|  |TAMS 0x0000000081500000, 0x0000000081500000| Untracked 
|  22|0x0000000081600000, 0x0000000081600000, 0x0000000081700000|  0%| F|  |TAMS 0x0000000081600000, 0x0000000081600000| Untracked 
|  23|0x0000000081700000, 0x0000000081700000, 0x0000000081800000|  0%| F|  |TAMS 0x0000000081700000, 0x0000000081700000| Untracked 
|  24|0x0000000081800000, 0x0000000081800000, 0x0000000081900000|  0%| F|  |TAMS 0x0000000081800000, 0x0000000081800000| Untracked 
|  25|0x0000000081900000, 0x0000000081900000, 0x0000000081a00000|  0%| F|  |TAMS 0x0000000081900000, 0x0000000081900000| Untracked 
|  26|0x0000000081a00000, 0x0000000081a00000, 0x0000000081b00000|  0%| F|  |TAMS 0x0000000081a00000, 0x0000000081a00000| Untracked 
|  27|0x0000000081b00000, 0x0000000081b00000, 0x0000000081c00000|  0%| F|  |TAMS 0x0000000081b00000, 0x0000000081b00000| Untracked 
|  28|0x0000000081c00000, 0x0000000081c00000, 0x0000000081d00000|  0%| F|  |TAMS 0x0000000081c00000, 0x0000000081c00000| Untracked 
|  29|0x0000000081d00000, 0x0000000081d00000, 0x0000000081e00000|  0%| F|  |TAMS 0x0000000081d00000, 0x0000000081d00000| Untracked 
|  30|0x0000000081e00000, 0x0000000081e00000, 0x0000000081f00000|  0%| F|  |TAMS 0x0000000081e00000, 0x0000000081e00000| Untracked 
|  31|0x0000000081f00000, 0x0000000081f00000, 0x0000000082000000|  0%| F|  |TAMS 0x0000000081f00000, 0x0000000081f00000| Untracked 
|  32|0x0000000082000000, 0x0000000082000000, 0x0000000082100000|  0%| F|  |TAMS 0x0000000082000000, 0x0000000082000000| Untracked 
|  33|0x0000000082100000, 0x0000000082100000, 0x0000000082200000|  0%| F|  |TAMS 0x0000000082100000, 0x0000000082100000| Untracked 
|  34|0x0000000082200000, 0x0000000082200000, 0x0000000082300000|  0%| F|  |TAMS 0x0000000082200000, 0x0000000082200000| Untracked 
|  35|0x0000000082300000, 0x0000000082300000, 0x0000000082400000|  0%| F|  |TAMS 0x0000000082300000, 0x0000000082300000| Untracked 
|  36|0x0000000082400000, 0x0000000082400000, 0x0000000082500000|  0%| F|  |TAMS 0x0000000082400000, 0x0000000082400000| Untracked 
|  37|0x0000000082500000, 0x0000000082500000, 0x0000000082600000|  0%| F|  |TAMS 0x0000000082500000, 0x0000000082500000| Untracked 
|  38|0x0000000082600000, 0x0000000082600000, 0x0000000082700000|  0%| F|  |TAMS 0x0000000082600000, 0x0000000082600000| Untracked 
|  39|0x0000000082700000, 0x0000000082700000, 0x0000000082800000|  0%| F|  |TAMS 0x0000000082700000, 0x0000000082700000| Untracked 
|  40|0x0000000082800000, 0x0000000082800000, 0x0000000082900000|  0%| F|  |TAMS 0x0000000082800000, 0x0000000082800000| Untracked 
|  41|0x0000000082900000, 0x0000000082900000, 0x0000000082a00000|  0%| F|  |TAMS 0x0000000082900000, 0x0000000082900000| Untracked 
|  42|0x0000000082a00000, 0x0000000082a00000, 0x0000000082b00000|  0%| F|  |TAMS 0x0000000082a00000, 0x0000000082a00000| Untracked 
|  43|0x0000000082b00000, 0x0000000082b00000, 0x0000000082c00000|  0%| F|  |TAMS 0x0000000082b00000, 0x0000000082b00000| Untracked 
|  44|0x0000000082c00000, 0x0000000082c00000, 0x0000000082d00000|  0%| F|  |TAMS 0x0000000082c00000, 0x0000000082c00000| Untracked 
|  45|0x0000000082d00000, 0x0000000082d00000, 0x0000000082e00000|  0%| F|  |TAMS 0x0000000082d00000, 0x0000000082d00000| Untracked 
|  46|0x0000000082e00000, 0x0000000082e00000, 0x0000000082f00000|  0%| F|  |TAMS 0x0000000082e00000, 0x0000000082e00000| Untracked 
|  47|0x0000000082f00000, 0x0000000082f00000, 0x0000000083000000|  0%| F|  |TAMS 0x0000000082f00000, 0x0000000082f00000| Untracked 
|  48|0x0000000083000000, 0x0000000083000000, 0x0000000083100000|  0%| F|  |TAMS 0x0000000083000000, 0x0000000083000000| Untracked 
|  49|0x0000000083100000, 0x0000000083100000, 0x0000000083200000|  0%| F|  |TAMS 0x0000000083100000, 0x0000000083100000| Untracked 
|  50|0x0000000083200000, 0x0000000083200000, 0x0000000083300000|  0%| F|  |TAMS 0x0000000083200000, 0x0000000083200000| Untracked 
|  51|0x0000000083300000, 0x0000000083300000, 0x0000000083400000|  0%| F|  |TAMS 0x0000000083300000, 0x0000000083300000| Untracked 
|  52|0x0000000083400000, 0x0000000083400000, 0x0000000083500000|  0%| F|  |TAMS 0x0000000083400000, 0x0000000083400000| Untracked 
|  53|0x0000000083500000, 0x0000000083500000, 0x0000000083600000|  0%| F|  |TAMS 0x0000000083500000, 0x0000000083500000| Untracked 
|  54|0x0000000083600000, 0x0000000083600000, 0x0000000083700000|  0%| F|  |TAMS 0x0000000083600000, 0x0000000083600000| Untracked 
|  55|0x0000000083700000, 0x0000000083700000, 0x0000000083800000|  0%| F|  |TAMS 0x0000000083700000, 0x0000000083700000| Untracked 
|  56|0x0000000083800000, 0x0000000083800000, 0x0000000083900000|  0%| F|  |TAMS 0x0000000083800000, 0x0000000083800000| Untracked 
|  57|0x0000000083900000, 0x0000000083900000, 0x0000000083a00000|  0%| F|  |TAMS 0x0000000083900000, 0x0000000083900000| Untracked 
|  58|0x0000000083a00000, 0x0000000083a00000, 0x0000000083b00000|  0%| F|  |TAMS 0x0000000083a00000, 0x0000000083a00000| Untracked 
|  59|0x0000000083b00000, 0x0000000083b00000, 0x0000000083c00000|  0%| F|  |TAMS 0x0000000083b00000, 0x0000000083b00000| Untracked 
|  60|0x0000000083c00000, 0x0000000083c00000, 0x0000000083d00000|  0%| F|  |TAMS 0x0000000083c00000, 0x0000000083c00000| Untracked 
|  61|0x0000000083d00000, 0x0000000083d00000, 0x0000000083e00000|  0%| F|  |TAMS 0x0000000083d00000, 0x0000000083d00000| Untracked 
|  62|0x0000000083e00000, 0x0000000083e00000, 0x0000000083f00000|  0%| F|  |TAMS 0x0000000083e00000, 0x0000000083e00000| Untracked 
|  63|0x0000000083f00000, 0x0000000083f00000, 0x0000000084000000|  0%| F|  |TAMS 0x0000000083f00000, 0x0000000083f00000| Untracked 
|  64|0x0000000084000000, 0x0000000084000000, 0x0000000084100000|  0%| F|  |TAMS 0x0000000084000000, 0x0000000084000000| Untracked 
|  65|0x0000000084100000, 0x0000000084100000, 0x0000000084200000|  0%| F|  |TAMS 0x0000000084100000, 0x0000000084100000| Untracked 
|  66|0x0000000084200000, 0x0000000084200000, 0x0000000084300000|  0%| F|  |TAMS 0x0000000084200000, 0x0000000084200000| Untracked 
|  67|0x0000000084300000, 0x0000000084300000, 0x0000000084400000|  0%| F|  |TAMS 0x0000000084300000, 0x0000000084300000| Untracked 
|  68|0x0000000084400000, 0x0000000084400000, 0x0000000084500000|  0%| F|  |TAMS 0x0000000084400000, 0x0000000084400000| Untracked 
|  69|0x0000000084500000, 0x0000000084500000, 0x0000000084600000|  0%| F|  |TAMS 0x0000000084500000, 0x0000000084500000| Untracked 
|  70|0x0000000084600000, 0x0000000084600000, 0x0000000084700000|  0%| F|  |TAMS 0x0000000084600000, 0x0000000084600000| Untracked 
|  71|0x0000000084700000, 0x0000000084700000, 0x0000000084800000|  0%| F|  |TAMS 0x0000000084700000, 0x0000000084700000| Untracked 
|  72|0x0000000084800000, 0x0000000084800000, 0x0000000084900000|  0%| F|  |TAMS 0x0000000084800000, 0x0000000084800000| Untracked 
|  73|0x0000000084900000, 0x0000000084900000, 0x0000000084a00000|  0%| F|  |TAMS 0x0000000084900000, 0x0000000084900000| Untracked 
|  74|0x0000000084a00000, 0x0000000084a00000, 0x0000000084b00000|  0%| F|  |TAMS 0x0000000084a00000, 0x0000000084a00000| Untracked 
|  75|0x0000000084b00000, 0x0000000084b00000, 0x0000000084c00000|  0%| F|  |TAMS 0x0000000084b00000, 0x0000000084b00000| Untracked 
|  76|0x0000000084c00000, 0x0000000084c00000, 0x0000000084d00000|  0%| F|  |TAMS 0x0000000084c00000, 0x0000000084c00000| Untracked 
|  77|0x0000000084d00000, 0x0000000084d00000, 0x0000000084e00000|  0%| F|  |TAMS 0x0000000084d00000, 0x0000000084d00000| Untracked 
|  78|0x0000000084e00000, 0x0000000084e00000, 0x0000000084f00000|  0%| F|  |TAMS 0x0000000084e00000, 0x0000000084e00000| Untracked 
|  79|0x0000000084f00000, 0x0000000084f00000, 0x0000000085000000|  0%| F|  |TAMS 0x0000000084f00000, 0x0000000084f00000| Untracked 
|  80|0x0000000085000000, 0x0000000085000000, 0x0000000085100000|  0%| F|  |TAMS 0x0000000085000000, 0x0000000085000000| Untracked 
|  81|0x0000000085100000, 0x0000000085100000, 0x0000000085200000|  0%| F|  |TAMS 0x0000000085100000, 0x0000000085100000| Untracked 
|  82|0x0000000085200000, 0x0000000085200000, 0x0000000085300000|  0%| F|  |TAMS 0x0000000085200000, 0x0000000085200000| Untracked 
|  83|0x0000000085300000, 0x0000000085300000, 0x0000000085400000|  0%| F|  |TAMS 0x0000000085300000, 0x0000000085300000| Untracked 
|  84|0x0000000085400000, 0x0000000085400000, 0x0000000085500000|  0%| F|  |TAMS 0x0000000085400000, 0x0000000085400000| Untracked 
|  85|0x0000000085500000, 0x0000000085500000, 0x0000000085600000|  0%| F|  |TAMS 0x0000000085500000, 0x0000000085500000| Untracked 
|  86|0x0000000085600000, 0x0000000085600000, 0x0000000085700000|  0%| F|  |TAMS 0x0000000085600000, 0x0000000085600000| Untracked 
|  87|0x0000000085700000, 0x0000000085700000, 0x0000000085800000|  0%| F|  |TAMS 0x0000000085700000, 0x0000000085700000| Untracked 
|  88|0x0000000085800000, 0x0000000085800000, 0x0000000085900000|  0%| F|  |TAMS 0x0000000085800000, 0x0000000085800000| Untracked 
|  89|0x0000000085900000, 0x0000000085900000, 0x0000000085a00000|  0%| F|  |TAMS 0x0000000085900000, 0x0000000085900000| Untracked 
|  90|0x0000000085a00000, 0x0000000085a00000, 0x0000000085b00000|  0%| F|  |TAMS 0x0000000085a00000, 0x0000000085a00000| Untracked 
|  91|0x0000000085b00000, 0x0000000085b00000, 0x0000000085c00000|  0%| F|  |TAMS 0x0000000085b00000, 0x0000000085b00000| Untracked 
|  92|0x0000000085c00000, 0x0000000085c00000, 0x0000000085d00000|  0%| F|  |TAMS 0x0000000085c00000, 0x0000000085c00000| Untracked 
|  93|0x0000000085d00000, 0x0000000085d00000, 0x0000000085e00000|  0%| F|  |TAMS 0x0000000085d00000, 0x0000000085d00000| Untracked 
|  94|0x0000000085e00000, 0x0000000085e00000, 0x0000000085f00000|  0%| F|  |TAMS 0x0000000085e00000, 0x0000000085e00000| Untracked 
|  95|0x0000000085f00000, 0x0000000085f00000, 0x0000000086000000|  0%| F|  |TAMS 0x0000000085f00000, 0x0000000085f00000| Untracked 
|  96|0x0000000086000000, 0x0000000086000000, 0x0000000086100000|  0%| F|  |TAMS 0x0000000086000000, 0x0000000086000000| Untracked 
|  97|0x0000000086100000, 0x0000000086100000, 0x0000000086200000|  0%| F|  |TAMS 0x0000000086100000, 0x0000000086100000| Untracked 
|  98|0x0000000086200000, 0x0000000086200000, 0x0000000086300000|  0%| F|  |TAMS 0x0000000086200000, 0x0000000086200000| Untracked 
|  99|0x0000000086300000, 0x0000000086300000, 0x0000000086400000|  0%| F|  |TAMS 0x0000000086300000, 0x0000000086300000| Untracked 
| 100|0x0000000086400000, 0x0000000086400000, 0x0000000086500000|  0%| F|  |TAMS 0x0000000086400000, 0x0000000086400000| Untracked 
| 101|0x0000000086500000, 0x0000000086500000, 0x0000000086600000|  0%| F|  |TAMS 0x0000000086500000, 0x0000000086500000| Untracked 
| 102|0x0000000086600000, 0x0000000086600000, 0x0000000086700000|  0%| F|  |TAMS 0x0000000086600000, 0x0000000086600000| Untracked 
| 103|0x0000000086700000, 0x0000000086700000, 0x0000000086800000|  0%| F|  |TAMS 0x0000000086700000, 0x0000000086700000| Untracked 
| 104|0x0000000086800000, 0x0000000086800000, 0x0000000086900000|  0%| F|  |TAMS 0x0000000086800000, 0x0000000086800000| Untracked 
| 105|0x0000000086900000, 0x0000000086900000, 0x0000000086a00000|  0%| F|  |TAMS 0x0000000086900000, 0x0000000086900000| Untracked 
| 106|0x0000000086a00000, 0x0000000086a00000, 0x0000000086b00000|  0%| F|  |TAMS 0x0000000086a00000, 0x0000000086a00000| Untracked 
| 107|0x0000000086b00000, 0x0000000086b00000, 0x0000000086c00000|  0%| F|  |TAMS 0x0000000086b00000, 0x0000000086b00000| Untracked 
| 108|0x0000000086c00000, 0x0000000086c00000, 0x0000000086d00000|  0%| F|  |TAMS 0x0000000086c00000, 0x0000000086c00000| Untracked 
| 109|0x0000000086d00000, 0x0000000086d00000, 0x0000000086e00000|  0%| F|  |TAMS 0x0000000086d00000, 0x0000000086d00000| Untracked 
| 110|0x0000000086e00000, 0x0000000086e00000, 0x0000000086f00000|  0%| F|  |TAMS 0x0000000086e00000, 0x0000000086e00000| Untracked 
| 111|0x0000000086f00000, 0x0000000086f00000, 0x0000000087000000|  0%| F|  |TAMS 0x0000000086f00000, 0x0000000086f00000| Untracked 
| 112|0x0000000087000000, 0x0000000087000000, 0x0000000087100000|  0%| F|  |TAMS 0x0000000087000000, 0x0000000087000000| Untracked 
| 113|0x0000000087100000, 0x0000000087100000, 0x0000000087200000|  0%| F|  |TAMS 0x0000000087100000, 0x0000000087100000| Untracked 
| 114|0x0000000087200000, 0x0000000087200000, 0x0000000087300000|  0%| F|  |TAMS 0x0000000087200000, 0x0000000087200000| Untracked 
| 115|0x0000000087300000, 0x0000000087300000, 0x0000000087400000|  0%| F|  |TAMS 0x0000000087300000, 0x0000000087300000| Untracked 
| 116|0x0000000087400000, 0x0000000087400000, 0x0000000087500000|  0%| F|  |TAMS 0x0000000087400000, 0x0000000087400000| Untracked 
| 117|0x0000000087500000, 0x0000000087500000, 0x0000000087600000|  0%| F|  |TAMS 0x0000000087500000, 0x0000000087500000| Untracked 
| 118|0x0000000087600000, 0x0000000087600000, 0x0000000087700000|  0%| F|  |TAMS 0x0000000087600000, 0x0000000087600000| Untracked 
| 119|0x0000000087700000, 0x0000000087700000, 0x0000000087800000|  0%| F|  |TAMS 0x0000000087700000, 0x0000000087700000| Untracked 
| 120|0x0000000087800000, 0x0000000087800000, 0x0000000087900000|  0%| F|  |TAMS 0x0000000087800000, 0x0000000087800000| Untracked 
| 121|0x0000000087900000, 0x0000000087900000, 0x0000000087a00000|  0%| F|  |TAMS 0x0000000087900000, 0x0000000087900000| Untracked 
| 122|0x0000000087a00000, 0x0000000087a00000, 0x0000000087b00000|  0%| F|  |TAMS 0x0000000087a00000, 0x0000000087a00000| Untracked 
| 123|0x0000000087b00000, 0x0000000087b00000, 0x0000000087c00000|  0%| F|  |TAMS 0x0000000087b00000, 0x0000000087b00000| Untracked 
| 124|0x0000000087c00000, 0x0000000087c00000, 0x0000000087d00000|  0%| F|  |TAMS 0x0000000087c00000, 0x0000000087c00000| Untracked 
| 125|0x0000000087d00000, 0x0000000087d00000, 0x0000000087e00000|  0%| F|  |TAMS 0x0000000087d00000, 0x0000000087d00000| Untracked 
| 126|0x0000000087e00000, 0x0000000087e00000, 0x0000000087f00000|  0%| F|  |TAMS 0x0000000087e00000, 0x0000000087e00000| Untracked 
| 127|0x0000000087f00000, 0x0000000087f00000, 0x0000000088000000|  0%| F|  |TAMS 0x0000000087f00000, 0x0000000087f00000| Untracked 
| 128|0x0000000088000000, 0x0000000088000000, 0x0000000088100000|  0%| F|  |TAMS 0x0000000088000000, 0x0000000088000000| Untracked 
| 129|0x0000000088100000, 0x0000000088100000, 0x0000000088200000|  0%| F|  |TAMS 0x0000000088100000, 0x0000000088100000| Untracked 
| 130|0x0000000088200000, 0x0000000088200000, 0x0000000088300000|  0%| F|  |TAMS 0x0000000088200000, 0x0000000088200000| Untracked 
| 131|0x0000000088300000, 0x0000000088300000, 0x0000000088400000|  0%| F|  |TAMS 0x0000000088300000, 0x0000000088300000| Untracked 
| 132|0x0000000088400000, 0x0000000088400000, 0x0000000088500000|  0%| F|  |TAMS 0x0000000088400000, 0x0000000088400000| Untracked 
| 133|0x0000000088500000, 0x0000000088500000, 0x0000000088600000|  0%| F|  |TAMS 0x0000000088500000, 0x0000000088500000| Untracked 
| 134|0x0000000088600000, 0x0000000088600000, 0x0000000088700000|  0%| F|  |TAMS 0x0000000088600000, 0x0000000088600000| Untracked 
| 135|0x0000000088700000, 0x0000000088700000, 0x0000000088800000|  0%| F|  |TAMS 0x0000000088700000, 0x0000000088700000| Untracked 
| 136|0x0000000088800000, 0x0000000088800000, 0x0000000088900000|  0%| F|  |TAMS 0x0000000088800000, 0x0000000088800000| Untracked 
| 137|0x0000000088900000, 0x0000000088900000, 0x0000000088a00000|  0%| F|  |TAMS 0x0000000088900000, 0x0000000088900000| Untracked 
| 138|0x0000000088a00000, 0x0000000088a00000, 0x0000000088b00000|  0%| F|  |TAMS 0x0000000088a00000, 0x0000000088a00000| Untracked 
| 139|0x0000000088b00000, 0x0000000088b00000, 0x0000000088c00000|  0%| F|  |TAMS 0x0000000088b00000, 0x0000000088b00000| Untracked 
| 140|0x0000000088c00000, 0x0000000088c00000, 0x0000000088d00000|  0%| F|  |TAMS 0x0000000088c00000, 0x0000000088c00000| Untracked 
| 141|0x0000000088d00000, 0x0000000088d00000, 0x0000000088e00000|  0%| F|  |TAMS 0x0000000088d00000, 0x0000000088d00000| Untracked 
| 142|0x0000000088e00000, 0x0000000088e00000, 0x0000000088f00000|  0%| F|  |TAMS 0x0000000088e00000, 0x0000000088e00000| Untracked 
| 143|0x0000000088f00000, 0x0000000088f00000, 0x0000000089000000|  0%| F|  |TAMS 0x0000000088f00000, 0x0000000088f00000| Untracked 
| 144|0x0000000089000000, 0x0000000089000000, 0x0000000089100000|  0%| F|  |TAMS 0x0000000089000000, 0x0000000089000000| Untracked 
| 145|0x0000000089100000, 0x0000000089100000, 0x0000000089200000|  0%| F|  |TAMS 0x0000000089100000, 0x0000000089100000| Untracked 
| 146|0x0000000089200000, 0x0000000089200000, 0x0000000089300000|  0%| F|  |TAMS 0x0000000089200000, 0x0000000089200000| Untracked 
| 147|0x0000000089300000, 0x0000000089300000, 0x0000000089400000|  0%| F|  |TAMS 0x0000000089300000, 0x0000000089300000| Untracked 
| 148|0x0000000089400000, 0x0000000089400000, 0x0000000089500000|  0%| F|  |TAMS 0x0000000089400000, 0x0000000089400000| Untracked 
| 149|0x0000000089500000, 0x0000000089500000, 0x0000000089600000|  0%| F|  |TAMS 0x0000000089500000, 0x0000000089500000| Untracked 
| 150|0x0000000089600000, 0x0000000089600000, 0x0000000089700000|  0%| F|  |TAMS 0x0000000089600000, 0x0000000089600000| Untracked 
| 151|0x0000000089700000, 0x0000000089700000, 0x0000000089800000|  0%| F|  |TAMS 0x0000000089700000, 0x0000000089700000| Untracked 
| 152|0x0000000089800000, 0x0000000089800000, 0x0000000089900000|  0%| F|  |TAMS 0x0000000089800000, 0x0000000089800000| Untracked 
| 153|0x0000000089900000, 0x0000000089900000, 0x0000000089a00000|  0%| F|  |TAMS 0x0000000089900000, 0x0000000089900000| Untracked 
| 154|0x0000000089a00000, 0x0000000089a00000, 0x0000000089b00000|  0%| F|  |TAMS 0x0000000089a00000, 0x0000000089a00000| Untracked 
| 155|0x0000000089b00000, 0x0000000089b00000, 0x0000000089c00000|  0%| F|  |TAMS 0x0000000089b00000, 0x0000000089b00000| Untracked 
| 156|0x0000000089c00000, 0x0000000089c00000, 0x0000000089d00000|  0%| F|  |TAMS 0x0000000089c00000, 0x0000000089c00000| Untracked 
| 157|0x0000000089d00000, 0x0000000089d00000, 0x0000000089e00000|  0%| F|  |TAMS 0x0000000089d00000, 0x0000000089d00000| Untracked 
| 158|0x0000000089e00000, 0x0000000089e00000, 0x0000000089f00000|  0%| F|  |TAMS 0x0000000089e00000, 0x0000000089e00000| Untracked 
| 159|0x0000000089f00000, 0x0000000089f00000, 0x000000008a000000|  0%| F|  |TAMS 0x0000000089f00000, 0x0000000089f00000| Untracked 
| 160|0x000000008a000000, 0x000000008a000000, 0x000000008a100000|  0%| F|  |TAMS 0x000000008a000000, 0x000000008a000000| Untracked 
| 161|0x000000008a100000, 0x000000008a100000, 0x000000008a200000|  0%| F|  |TAMS 0x000000008a100000, 0x000000008a100000| Untracked 
| 162|0x000000008a200000, 0x000000008a200000, 0x000000008a300000|  0%| F|  |TAMS 0x000000008a200000, 0x000000008a200000| Untracked 
| 163|0x000000008a300000, 0x000000008a300000, 0x000000008a400000|  0%| F|  |TAMS 0x000000008a300000, 0x000000008a300000| Untracked 
| 164|0x000000008a400000, 0x000000008a400000, 0x000000008a500000|  0%| F|  |TAMS 0x000000008a400000, 0x000000008a400000| Untracked 
| 165|0x000000008a500000, 0x000000008a500000, 0x000000008a600000|  0%| F|  |TAMS 0x000000008a500000, 0x000000008a500000| Untracked 
| 166|0x000000008a600000, 0x000000008a600000, 0x000000008a700000|  0%| F|  |TAMS 0x000000008a600000, 0x000000008a600000| Untracked 
| 167|0x000000008a700000, 0x000000008a700000, 0x000000008a800000|  0%| F|  |TAMS 0x000000008a700000, 0x000000008a700000| Untracked 
| 168|0x000000008a800000, 0x000000008a800000, 0x000000008a900000|  0%| F|  |TAMS 0x000000008a800000, 0x000000008a800000| Untracked 
| 169|0x000000008a900000, 0x000000008a900000, 0x000000008aa00000|  0%| F|  |TAMS 0x000000008a900000, 0x000000008a900000| Untracked 
| 170|0x000000008aa00000, 0x000000008aa00000, 0x000000008ab00000|  0%| F|  |TAMS 0x000000008aa00000, 0x000000008aa00000| Untracked 
| 171|0x000000008ab00000, 0x000000008ab00000, 0x000000008ac00000|  0%| F|  |TAMS 0x000000008ab00000, 0x000000008ab00000| Untracked 
| 172|0x000000008ac00000, 0x000000008ac00000, 0x000000008ad00000|  0%| F|  |TAMS 0x000000008ac00000, 0x000000008ac00000| Untracked 
| 173|0x000000008ad00000, 0x000000008ad00000, 0x000000008ae00000|  0%| F|  |TAMS 0x000000008ad00000, 0x000000008ad00000| Untracked 
| 174|0x000000008ae00000, 0x000000008ae00000, 0x000000008af00000|  0%| F|  |TAMS 0x000000008ae00000, 0x000000008ae00000| Untracked 
| 175|0x000000008af00000, 0x000000008af00000, 0x000000008b000000|  0%| F|  |TAMS 0x000000008af00000, 0x000000008af00000| Untracked 
| 176|0x000000008b000000, 0x000000008b000000, 0x000000008b100000|  0%| F|  |TAMS 0x000000008b000000, 0x000000008b000000| Untracked 
| 177|0x000000008b100000, 0x000000008b100000, 0x000000008b200000|  0%| F|  |TAMS 0x000000008b100000, 0x000000008b100000| Untracked 
| 178|0x000000008b200000, 0x000000008b200000, 0x000000008b300000|  0%| F|  |TAMS 0x000000008b200000, 0x000000008b200000| Untracked 
| 179|0x000000008b300000, 0x000000008b300000, 0x000000008b400000|  0%| F|  |TAMS 0x000000008b300000, 0x000000008b300000| Untracked 
| 180|0x000000008b400000, 0x000000008b400000, 0x000000008b500000|  0%| F|  |TAMS 0x000000008b400000, 0x000000008b400000| Untracked 
| 181|0x000000008b500000, 0x000000008b500000, 0x000000008b600000|  0%| F|  |TAMS 0x000000008b500000, 0x000000008b500000| Untracked 
| 182|0x000000008b600000, 0x000000008b600000, 0x000000008b700000|  0%| F|  |TAMS 0x000000008b600000, 0x000000008b600000| Untracked 
| 183|0x000000008b700000, 0x000000008b700000, 0x000000008b800000|  0%| F|  |TAMS 0x000000008b700000, 0x000000008b700000| Untracked 
| 184|0x000000008b800000, 0x000000008b800000, 0x000000008b900000|  0%| F|  |TAMS 0x000000008b800000, 0x000000008b800000| Untracked 
| 185|0x000000008b900000, 0x000000008b900000, 0x000000008ba00000|  0%| F|  |TAMS 0x000000008b900000, 0x000000008b900000| Untracked 
| 186|0x000000008ba00000, 0x000000008ba00000, 0x000000008bb00000|  0%| F|  |TAMS 0x000000008ba00000, 0x000000008ba00000| Untracked 
| 187|0x000000008bb00000, 0x000000008bb00000, 0x000000008bc00000|  0%| F|  |TAMS 0x000000008bb00000, 0x000000008bb00000| Untracked 
| 188|0x000000008bc00000, 0x000000008bc00000, 0x000000008bd00000|  0%| F|  |TAMS 0x000000008bc00000, 0x000000008bc00000| Untracked 
| 189|0x000000008bd00000, 0x000000008bd00000, 0x000000008be00000|  0%| F|  |TAMS 0x000000008bd00000, 0x000000008bd00000| Untracked 
| 190|0x000000008be00000, 0x000000008be00000, 0x000000008bf00000|  0%| F|  |TAMS 0x000000008be00000, 0x000000008be00000| Untracked 
| 191|0x000000008bf00000, 0x000000008bf00000, 0x000000008c000000|  0%| F|  |TAMS 0x000000008bf00000, 0x000000008bf00000| Untracked 
| 192|0x000000008c000000, 0x000000008c000000, 0x000000008c100000|  0%| F|  |TAMS 0x000000008c000000, 0x000000008c000000| Untracked 
| 193|0x000000008c100000, 0x000000008c100000, 0x000000008c200000|  0%| F|  |TAMS 0x000000008c100000, 0x000000008c100000| Untracked 
| 194|0x000000008c200000, 0x000000008c200000, 0x000000008c300000|  0%| F|  |TAMS 0x000000008c200000, 0x000000008c200000| Untracked 
| 195|0x000000008c300000, 0x000000008c300000, 0x000000008c400000|  0%| F|  |TAMS 0x000000008c300000, 0x000000008c300000| Untracked 
| 196|0x000000008c400000, 0x000000008c400000, 0x000000008c500000|  0%| F|  |TAMS 0x000000008c400000, 0x000000008c400000| Untracked 
| 197|0x000000008c500000, 0x000000008c500000, 0x000000008c600000|  0%| F|  |TAMS 0x000000008c500000, 0x000000008c500000| Untracked 
| 198|0x000000008c600000, 0x000000008c600000, 0x000000008c700000|  0%| F|  |TAMS 0x000000008c600000, 0x000000008c600000| Untracked 
| 199|0x000000008c700000, 0x000000008c700000, 0x000000008c800000|  0%| F|  |TAMS 0x000000008c700000, 0x000000008c700000| Untracked 
| 200|0x000000008c800000, 0x000000008c800000, 0x000000008c900000|  0%| F|  |TAMS 0x000000008c800000, 0x000000008c800000| Untracked 
| 201|0x000000008c900000, 0x000000008c900000, 0x000000008ca00000|  0%| F|  |TAMS 0x000000008c900000, 0x000000008c900000| Untracked 
| 202|0x000000008ca00000, 0x000000008cad3340, 0x000000008cb00000| 82%| S|CS|TAMS 0x000000008ca00000, 0x000000008ca00000| Complete 
| 203|0x000000008cb00000, 0x000000008cc00000, 0x000000008cc00000|100%| S|CS|TAMS 0x000000008cb00000, 0x000000008cb00000| Complete 
| 204|0x000000008cc00000, 0x000000008cd00000, 0x000000008cd00000|100%| S|CS|TAMS 0x000000008cc00000, 0x000000008cc00000| Complete 
| 205|0x000000008cd00000, 0x000000008ce00000, 0x000000008ce00000|100%| S|CS|TAMS 0x000000008cd00000, 0x000000008cd00000| Complete 
| 206|0x000000008ce00000, 0x000000008cf00000, 0x000000008cf00000|100%| S|CS|TAMS 0x000000008ce00000, 0x000000008ce00000| Complete 
| 207|0x000000008cf00000, 0x000000008d000000, 0x000000008d000000|100%| S|CS|TAMS 0x000000008cf00000, 0x000000008cf00000| Complete 
| 208|0x000000008d000000, 0x000000008d000000, 0x000000008d100000|  0%| F|  |TAMS 0x000000008d000000, 0x000000008d000000| Untracked 
| 209|0x000000008d100000, 0x000000008d100000, 0x000000008d200000|  0%| F|  |TAMS 0x000000008d100000, 0x000000008d100000| Untracked 
| 210|0x000000008d200000, 0x000000008d200000, 0x000000008d300000|  0%| F|  |TAMS 0x000000008d200000, 0x000000008d200000| Untracked 
| 211|0x000000008d300000, 0x000000008d300000, 0x000000008d400000|  0%| F|  |TAMS 0x000000008d300000, 0x000000008d300000| Untracked 
| 212|0x000000008d400000, 0x000000008d400000, 0x000000008d500000|  0%| F|  |TAMS 0x000000008d400000, 0x000000008d400000| Untracked 
| 213|0x000000008d500000, 0x000000008d500000, 0x000000008d600000|  0%| F|  |TAMS 0x000000008d500000, 0x000000008d500000| Untracked 
| 214|0x000000008d600000, 0x000000008d600000, 0x000000008d700000|  0%| F|  |TAMS 0x000000008d600000, 0x000000008d600000| Untracked 
| 215|0x000000008d700000, 0x000000008d700000, 0x000000008d800000|  0%| F|  |TAMS 0x000000008d700000, 0x000000008d700000| Untracked 
| 216|0x000000008d800000, 0x000000008d800000, 0x000000008d900000|  0%| F|  |TAMS 0x000000008d800000, 0x000000008d800000| Untracked 
| 217|0x000000008d900000, 0x000000008d900000, 0x000000008da00000|  0%| F|  |TAMS 0x000000008d900000, 0x000000008d900000| Untracked 
| 218|0x000000008da00000, 0x000000008da00000, 0x000000008db00000|  0%| F|  |TAMS 0x000000008da00000, 0x000000008da00000| Untracked 
| 219|0x000000008db00000, 0x000000008db00000, 0x000000008dc00000|  0%| F|  |TAMS 0x000000008db00000, 0x000000008db00000| Untracked 
| 220|0x000000008dc00000, 0x000000008dc00000, 0x000000008dd00000|  0%| F|  |TAMS 0x000000008dc00000, 0x000000008dc00000| Untracked 
| 221|0x000000008dd00000, 0x000000008dd00000, 0x000000008de00000|  0%| F|  |TAMS 0x000000008dd00000, 0x000000008dd00000| Untracked 
| 222|0x000000008de00000, 0x000000008de80800, 0x000000008df00000| 50%| E|  |TAMS 0x000000008de00000, 0x000000008de00000| Complete 
| 223|0x000000008df00000, 0x000000008e000000, 0x000000008e000000|100%| E|CS|TAMS 0x000000008df00000, 0x000000008df00000| Complete 
| 224|0x000000008e000000, 0x000000008e100000, 0x000000008e100000|100%| E|CS|TAMS 0x000000008e000000, 0x000000008e000000| Complete 
| 225|0x000000008e100000, 0x000000008e200000, 0x000000008e200000|100%| E|CS|TAMS 0x000000008e100000, 0x000000008e100000| Complete 
| 226|0x000000008e200000, 0x000000008e300000, 0x000000008e300000|100%| E|CS|TAMS 0x000000008e200000, 0x000000008e200000| Complete 
| 227|0x000000008e300000, 0x000000008e400000, 0x000000008e400000|100%| E|CS|TAMS 0x000000008e300000, 0x000000008e300000| Complete 
| 228|0x000000008e400000, 0x000000008e500000, 0x000000008e500000|100%| E|CS|TAMS 0x000000008e400000, 0x000000008e400000| Complete 
| 229|0x000000008e500000, 0x000000008e600000, 0x000000008e600000|100%| E|CS|TAMS 0x000000008e500000, 0x000000008e500000| Complete 
| 230|0x000000008e600000, 0x000000008e700000, 0x000000008e700000|100%| E|CS|TAMS 0x000000008e600000, 0x000000008e600000| Complete 
| 231|0x000000008e700000, 0x000000008e800000, 0x000000008e800000|100%| E|CS|TAMS 0x000000008e700000, 0x000000008e700000| Complete 
| 232|0x000000008e800000, 0x000000008e900000, 0x000000008e900000|100%| E|CS|TAMS 0x000000008e800000, 0x000000008e800000| Complete 
| 233|0x000000008e900000, 0x000000008ea00000, 0x000000008ea00000|100%| E|CS|TAMS 0x000000008e900000, 0x000000008e900000| Complete 
| 234|0x000000008ea00000, 0x000000008eb00000, 0x000000008eb00000|100%| E|CS|TAMS 0x000000008ea00000, 0x000000008ea00000| Complete 
| 235|0x000000008eb00000, 0x000000008ec00000, 0x000000008ec00000|100%| E|CS|TAMS 0x000000008eb00000, 0x000000008eb00000| Complete 
| 236|0x000000008ec00000, 0x000000008ed00000, 0x000000008ed00000|100%| E|CS|TAMS 0x000000008ec00000, 0x000000008ec00000| Complete 
| 237|0x000000008ed00000, 0x000000008ee00000, 0x000000008ee00000|100%| E|CS|TAMS 0x000000008ed00000, 0x000000008ed00000| Complete 
| 238|0x000000008ee00000, 0x000000008ef00000, 0x000000008ef00000|100%| E|CS|TAMS 0x000000008ee00000, 0x000000008ee00000| Complete 
| 239|0x000000008ef00000, 0x000000008f000000, 0x000000008f000000|100%| E|CS|TAMS 0x000000008ef00000, 0x000000008ef00000| Complete 
| 240|0x000000008f000000, 0x000000008f100000, 0x000000008f100000|100%| E|CS|TAMS 0x000000008f000000, 0x000000008f000000| Complete 
| 241|0x000000008f100000, 0x000000008f200000, 0x000000008f200000|100%| E|CS|TAMS 0x000000008f100000, 0x000000008f100000| Complete 
| 242|0x000000008f200000, 0x000000008f300000, 0x000000008f300000|100%| E|CS|TAMS 0x000000008f200000, 0x000000008f200000| Complete 
| 243|0x000000008f300000, 0x000000008f400000, 0x000000008f400000|100%| E|CS|TAMS 0x000000008f300000, 0x000000008f300000| Complete 
| 244|0x000000008f400000, 0x000000008f500000, 0x000000008f500000|100%| E|CS|TAMS 0x000000008f400000, 0x000000008f400000| Complete 
| 245|0x000000008f500000, 0x000000008f600000, 0x000000008f600000|100%| E|CS|TAMS 0x000000008f500000, 0x000000008f500000| Complete 
| 246|0x000000008f600000, 0x000000008f700000, 0x000000008f700000|100%| E|CS|TAMS 0x000000008f600000, 0x000000008f600000| Complete 
| 247|0x000000008f700000, 0x000000008f800000, 0x000000008f800000|100%| E|CS|TAMS 0x000000008f700000, 0x000000008f700000| Complete 
| 248|0x000000008f800000, 0x000000008f900000, 0x000000008f900000|100%| E|CS|TAMS 0x000000008f800000, 0x000000008f800000| Complete 
| 249|0x000000008f900000, 0x000000008fa00000, 0x000000008fa00000|100%| E|CS|TAMS 0x000000008f900000, 0x000000008f900000| Complete 
| 250|0x000000008fa00000, 0x000000008fb00000, 0x000000008fb00000|100%| E|CS|TAMS 0x000000008fa00000, 0x000000008fa00000| Complete 
| 251|0x000000008fb00000, 0x000000008fc00000, 0x000000008fc00000|100%| E|CS|TAMS 0x000000008fb00000, 0x000000008fb00000| Complete 
| 252|0x000000008fc00000, 0x000000008fd00000, 0x000000008fd00000|100%| E|CS|TAMS 0x000000008fc00000, 0x000000008fc00000| Complete 
| 253|0x000000008fd00000, 0x000000008fe00000, 0x000000008fe00000|100%| E|CS|TAMS 0x000000008fd00000, 0x000000008fd00000| Complete 

Card table byte_map: [0x00000286938b0000,0x0000028693cb0000] _byte_map_base: 0x00000286934b0000

Marking Bits (Prev, Next): (CMBitMap*) 0x00000286fdf2f488, (CMBitMap*) 0x00000286fdf2f4c0
 Prev Bits: [0x00000286940b0000, 0x00000286960b0000)
 Next Bits: [0x00000286960b0000, 0x00000286980b0000)

Polling page: 0x0000028680000000

Metaspace:

Usage:
  Non-class:     32.42 MB capacity,    31.91 MB ( 98%) used,   433.56 KB (  1%) free+waste,    85.63 KB ( <1%) overhead. 
      Class:      5.07 MB capacity,     4.74 MB ( 93%) used,   299.07 KB (  6%) free+waste,    41.50 KB ( <1%) overhead. 
       Both:     37.49 MB capacity,    36.65 MB ( 98%) used,   732.63 KB (  2%) free+waste,   127.13 KB ( <1%) overhead. 

Virtual space:
  Non-class space:       34.00 MB reserved,      32.50 MB ( 96%) committed 
      Class space:        1.00 GB reserved,       5.20 MB ( <1%) committed 
             Both:        1.03 GB reserved,      37.70 MB (  4%) committed 

Chunk freelists:
   Non-Class:  19.00 KB
       Class:  53.00 KB
        Both:  72.00 KB

MaxMetaspaceSize: 17179869184.00 GB
CompressedClassSpaceSize: 1.00 GB

CodeHeap 'non-profiled nmethods': size=120000Kb used=1661Kb max_used=1661Kb free=118338Kb
 bounds [0x000002868b510000, 0x000002868b780000, 0x0000028692a40000]
CodeHeap 'profiled nmethods': size=120000Kb used=6923Kb max_used=6923Kb free=113076Kb
 bounds [0x0000028683fe0000, 0x00000286846b0000, 0x000002868b510000]
CodeHeap 'non-nmethods': size=5760Kb used=1511Kb max_used=1562Kb free=4248Kb
 bounds [0x0000028683a40000, 0x0000028683cb0000, 0x0000028683fe0000]
 total_blobs=3931 nmethods=3310 adapters=531
 compilation: enabled
              stopped_count=0, restarted_count=0
 full_count=0

Compilation events (20 events):
Event: 4.829 Thread 0x000002869b45e000 nmethod 3282 0x000002868b6ae390 code [0x000002868b6ae520, 0x000002868b6ae598]
Event: 4.829 Thread 0x000002869b462800 nmethod 3283 0x000002868468b110 code [0x000002868468b360, 0x000002868468bc18]
Event: 4.830 Thread 0x000002869b462800 3284  s    3       java.io.BufferedInputStream::read (113 bytes)
Event: 4.830 Thread 0x000002869b462800 nmethod 3284 0x000002868468bf10 code [0x000002868468c140, 0x000002868468ca98]
Event: 4.830 Thread 0x000002869b462800 3285       3       java.io.DataInputStream::readLong (128 bytes)
Event: 4.831 Thread 0x000002869b462800 nmethod 3285 0x000002868468cd10 code [0x000002868468cee0, 0x000002868468d1e8]
Event: 4.831 Thread 0x000002869b462800 3286       3       com.google.common.io.CountingInputStream::read (33 bytes)
Event: 4.831 Thread 0x000002869b45e000 3288       4       java.io.BufferedInputStream::read1 (108 bytes)
Event: 4.831 Thread 0x000002869b462800 nmethod 3286 0x000002868468d390 code [0x000002868468d540, 0x000002868468d748]
Event: 4.831 Thread 0x000002869b462800 3287       3       org.gradle.cache.internal.btree.BlockPointer::pos (56 bytes)
Event: 4.832 Thread 0x000002869b462800 nmethod 3287 0x000002868468d810 code [0x000002868468da80, 0x000002868468e478]
Event: 4.832 Thread 0x000002869b462800 3289       3       org.gradle.cache.internal.btree.BlockPointer::<init> (10 bytes)
Event: 4.832 Thread 0x000002869b462800 nmethod 3289 0x000002868468e810 code [0x000002868468e9c0, 0x000002868468eb18]
Event: 4.834 Thread 0x000002869b45e000 nmethod 3288 0x000002868b6ae610 code [0x000002868b6ae7c0, 0x000002868b6ae9f8]
Event: 4.839 Thread 0x000002869b45e000 3290       4       sun.net.util.URLUtil::urlNoFragString (114 bytes)
Event: 4.842 Thread 0x000002869b462800 3292       3       org.gradle.cache.internal.btree.BTreePersistentIndexedCache$IndexEntry::<init> (5 bytes)
Event: 4.842 Thread 0x000002869b462800 nmethod 3292 0x000002868468ec10 code [0x000002868468edc0, 0x000002868468ef78]
Event: 4.842 Thread 0x000002869b462800 3293       3       org.gradle.cache.internal.btree.BTreePersistentIndexedCache$IndexEntry::<init> (5 bytes)
Event: 4.842 Thread 0x000002869b462800 nmethod 3293 0x000002868468f090 code [0x000002868468f240, 0x000002868468f398]
Event: 4.846 Thread 0x000002869b462800 3296       3       jdk.internal.org.objectweb.asm.MethodVisitor::visitMethodInsn (68 bytes)

GC Heap History (8 events):
Event: 0.715 GC heap before
{Heap before GC invocations=0 (full 0):
 garbage-first heap   total 260096K, used 29696K [0x0000000080000000, 0x0000000100000000)
  region size 1024K, 24 young (24576K), 0 survivors (0K)
 Metaspace       used 10226K, capacity 10424K, committed 10624K, reserved 1058816K
  class space    used 1070K, capacity 1140K, committed 1152K, reserved 1048576K
}
Event: 0.720 GC heap after
{Heap after GC invocations=1 (full 0):
 garbage-first heap   total 260096K, used 9180K [0x0000000080000000, 0x0000000100000000)
  region size 1024K, 3 young (3072K), 3 survivors (3072K)
 Metaspace       used 10226K, capacity 10424K, committed 10624K, reserved 1058816K
  class space    used 1070K, capacity 1140K, committed 1152K, reserved 1048576K
}
Event: 2.643 GC heap before
{Heap before GC invocations=1 (full 0):
 garbage-first heap   total 260096K, used 108508K [0x0000000080000000, 0x0000000100000000)
  region size 1024K, 101 young (103424K), 3 survivors (3072K)
 Metaspace       used 20684K, capacity 21075K, committed 21248K, reserved 1067008K
  class space    used 2537K, capacity 2693K, committed 2816K, reserved 1048576K
}
Event: 2.653 GC heap after
{Heap after GC invocations=2 (full 0):
 garbage-first heap   total 260096K, used 17133K [0x0000000080000000, 0x0000000100000000)
  region size 1024K, 11 young (11264K), 11 survivors (11264K)
 Metaspace       used 20684K, capacity 21075K, committed 21248K, reserved 1067008K
  class space    used 2537K, capacity 2693K, committed 2816K, reserved 1048576K
}
Event: 3.395 GC heap before
{Heap before GC invocations=3 (full 0):
 garbage-first heap   total 260096K, used 81645K [0x0000000080000000, 0x0000000100000000)
  region size 1024K, 74 young (75776K), 11 survivors (11264K)
 Metaspace       used 26837K, capacity 27438K, committed 27648K, reserved 1073152K
  class space    used 3531K, capacity 3738K, committed 3840K, reserved 1048576K
}
Event: 3.403 GC heap after
{Heap after GC invocations=4 (full 0):
 garbage-first heap   total 260096K, used 18965K [0x0000000080000000, 0x0000000100000000)
  region size 1024K, 3 young (3072K), 3 survivors (3072K)
 Metaspace       used 26837K, capacity 27438K, committed 27648K, reserved 1073152K
  class space    used 3531K, capacity 3738K, committed 3840K, reserved 1048576K
}
Event: 4.384 GC heap before
{Heap before GC invocations=4 (full 0):
 garbage-first heap   total 260096K, used 65045K [0x0000000080000000, 0x0000000100000000)
  region size 1024K, 49 young (50176K), 3 survivors (3072K)
 Metaspace       used 34990K, capacity 35789K, committed 35840K, reserved 1081344K
  class space    used 4541K, capacity 4864K, committed 4864K, reserved 1048576K
}
Event: 4.393 GC heap after
{Heap after GC invocations=5 (full 0):
 garbage-first heap   total 260096K, used 22208K [0x0000000080000000, 0x0000000100000000)
  region size 1024K, 6 young (6144K), 6 survivors (6144K)
 Metaspace       used 34990K, capacity 35789K, committed 35840K, reserved 1081344K
  class space    used 4541K, capacity 4864K, committed 4864K, reserved 1048576K
}

Deoptimization events (20 events):
Event: 4.466 Thread 0x000002869cfe9800 DEOPT PACKING pc=0x000002868b658c2c sp=0x00000089609f7830
Event: 4.466 Thread 0x000002869cfe9800 DEOPT UNPACKING pc=0x0000028683a6662f sp=0x00000089609f77d0 mode 2
Event: 4.565 Thread 0x000002869cfe9800 Uncommon trap: trap_request=0xffffff7e fr.pc=0x000002868b66fd20 relative=0x0000000000000320
Event: 4.565 Thread 0x000002869cfe9800 Uncommon trap: reason=predicate action=maybe_recompile pc=0x000002868b66fd20 method=java.util.stream.ReferencePipeline.forEachWithCancel(Ljava/util/Spliterator;Ljava/util/stream/Sink;)Z @ 8 c2
Event: 4.565 Thread 0x000002869cfe9800 DEOPT PACKING pc=0x000002868b66fd20 sp=0x00000089609f92e0
Event: 4.565 Thread 0x000002869cfe9800 DEOPT UNPACKING pc=0x0000028683a6662f sp=0x00000089609f9280 mode 2
Event: 4.670 Thread 0x000002869cfe9800 DEOPT PACKING pc=0x0000028684641b98 sp=0x00000089609f93e0
Event: 4.670 Thread 0x000002869cfe9800 DEOPT UNPACKING pc=0x0000028683a66dde sp=0x00000089609f88f0 mode 0
Event: 4.672 Thread 0x000002869cfe9800 DEOPT PACKING pc=0x0000028684641b98 sp=0x00000089609f93e0
Event: 4.672 Thread 0x000002869cfe9800 DEOPT UNPACKING pc=0x0000028683a66dde sp=0x00000089609f88f0 mode 0
Event: 4.674 Thread 0x000002869cfe9800 DEOPT PACKING pc=0x0000028684641b98 sp=0x00000089609f93e0
Event: 4.674 Thread 0x000002869cfe9800 DEOPT UNPACKING pc=0x0000028683a66dde sp=0x00000089609f88f0 mode 0
Event: 4.677 Thread 0x000002869cfe9800 DEOPT PACKING pc=0x0000028684641b98 sp=0x00000089609f93e0
Event: 4.677 Thread 0x000002869cfe9800 DEOPT UNPACKING pc=0x0000028683a66dde sp=0x00000089609f88f0 mode 0
Event: 4.729 Thread 0x000002869cfe9800 Uncommon trap: trap_request=0xffffffbe fr.pc=0x000002868b693c34 relative=0x0000000000003d14
Event: 4.729 Thread 0x000002869cfe9800 Uncommon trap: reason=profile_predicate action=maybe_recompile pc=0x000002868b693c34 method=java.util.AbstractCollection.addAll(Ljava/util/Collection;)Z @ 15 c2
Event: 4.729 Thread 0x000002869cfe9800 DEOPT PACKING pc=0x000002868b693c34 sp=0x00000089609fab50
Event: 4.729 Thread 0x000002869cfe9800 DEOPT UNPACKING pc=0x0000028683a6662f sp=0x00000089609fab68 mode 2
Event: 4.807 Thread 0x000002869cfe9800 DEOPT PACKING pc=0x00000286845da279 sp=0x00000089609f7df0
Event: 4.807 Thread 0x000002869cfe9800 DEOPT UNPACKING pc=0x0000028683a66dde sp=0x00000089609f7338 mode 0

Classes redefined (0 events):
No events

Internal exceptions (20 events):
Event: 3.744 Thread 0x000002869cfe9800 Exception <a 'java/lang/NoSuchMethodError'{0x000000008e9b5340}: 'int java.lang.invoke.DirectMethodHandle$Holder.invokeVirtual(java.lang.Object, java.lang.Object)'> (0x000000008e9b5340) thrown at [./src/hotspot/share/interpreter/linkResolver.cpp, line 773]
Event: 3.992 Thread 0x000002869cfe9800 Exception <a 'java/lang/NoSuchMethodError'{0x000000008d960e18}: 'void java.lang.invoke.DirectMethodHandle$Holder.invokeStaticInit(java.lang.Object, java.lang.Object, java.lang.Object)'> (0x000000008d960e18) thrown at [./src/hotspot/share/interpreter/linkResolver.cpp, line 773]
Event: 3.994 Thread 0x000002869cfe9800 Exception <a 'java/lang/NoSuchMethodError'{0x000000008d967bf0}: 'void java.lang.invoke.DirectMethodHandle$Holder.invokeStaticInit(java.lang.Object, java.lang.Object, java.lang.Object, java.lang.Object)'> (0x000000008d967bf0) thrown at [./src/hotspot/share/interpreter/linkResolver.cpp, line 773]
Event: 4.000 Thread 0x000002869cfe9800 Exception <a 'java/lang/NoSuchMethodError'{0x000000008d98a490}: 'void java.lang.invoke.DirectMethodHandle$Holder.invokeStaticInit(java.lang.Object, java.lang.Object, java.lang.Object, java.lang.Object, java.lang.Object)'> (0x000000008d98a490) thrown at [./src/hotspot/share/interpreter/linkResolver.cpp, line 773]
Event: 4.048 Thread 0x000002869cfe9800 Exception <a 'java/lang/NoSuchMethodError'{0x000000008d9ec798}: 'int java.lang.invoke.DirectMethodHandle$Holder.invokeStaticInit(java.lang.Object, java.lang.Object, java.lang.Object, java.lang.Object)'> (0x000000008d9ec798) thrown at [./src/hotspot/share/interpreter/linkResolver.cpp, line 773]
Event: 4.307 Thread 0x000002869cfe9800 Exception <a 'java/lang/NoSuchMethodError'{0x000000008d14c530}: 'java.lang.Object java.lang.invoke.DirectMethodHandle$Holder.invokeStatic(java.lang.Object, java.lang.Object, java.lang.Object, java.lang.Object, java.lang.Object, java.lang.Object, java.lang.Object, java.lang.Object, java.lang.Object, java.lang.Object, java.lang.Object, int)'> (0x000000008d14c530) thrown at [./src/hotspot/share/interpreter/linkResolver.cpp, line 773]
Event: 4.315 Thread 0x000002869cfe9800 Exception <a 'java/lang/NoSuchMethodError'{0x000000008d16aed0}: 'java.lang.Object java.lang.invoke.DirectMethodHandle$Holder.invokeStatic(java.lang.Object, java.lang.Object, java.lang.Object, java.lang.Object, java.lang.Object, java.lang.Object, java.lang.Object, java.lang.Object, java.lang.Object, java.lang.Object, java.lang.Object, int, int)'> (0x000000008d16aed0) thrown at [./src/hotspot/share/interpreter/linkResolver.cpp, line 773]
Event: 4.320 Thread 0x000002869cfe9800 Exception <a 'java/lang/NoSuchMethodError'{0x000000008d18a988}: 'java.lang.Object java.lang.invoke.DirectMethodHandle$Holder.invokeStatic(java.lang.Object, java.lang.Object, java.lang.Object, java.lang.Object, java.lang.Object, java.lang.Object, java.lang.Object, java.lang.Object, java.lang.Object, java.lang.Object, java.lang.Object, int, int, java.lang.Object)'> (0x000000008d18a988) thrown at [./src/hotspot/share/interpreter/linkResolver.cpp, line 773]
Event: 4.324 Thread 0x000002869cfe9800 Exception <a 'java/lang/NoSuchMethodError'{0x000000008d1aba80}: 'java.lang.Object java.lang.invoke.DirectMethodHandle$Holder.invokeStatic(java.lang.Object, java.lang.Object, java.lang.Object, java.lang.Object, java.lang.Object, java.lang.Object, java.lang.Object, java.lang.Object, java.lang.Object, java.lang.Object, java.lang.Object, int, int, java.lang.Object, java.lang.Object)'> (0x000000008d1aba80) thrown at [./src/hotspot/share/interpreter/linkResolver.cpp, line 773]
Event: 4.335 Thread 0x000002869cfe9800 Exception <a 'java/lang/ClassNotFoundException'{0x000000008d1da880}: groovy/lang/ExpandoMetaClassBeanInfo> (0x000000008d1da880) thrown at [./src/hotspot/share/classfile/systemDictionary.cpp, line 231]
Event: 4.336 Thread 0x000002869cfe9800 Exception <a 'java/lang/ClassNotFoundException'{0x000000008d1f9850}: groovy/lang/MetaClassImplBeanInfo> (0x000000008d1f9850) thrown at [./src/hotspot/share/classfile/systemDictionary.cpp, line 231]
Event: 4.337 Thread 0x000002869cfe9800 Exception <a 'java/lang/ClassNotFoundException'{0x000000008d002d18}: java/lang/ObjectBeanInfo> (0x000000008d002d18) thrown at [./src/hotspot/share/classfile/systemDictionary.cpp, line 231]
Event: 4.338 Thread 0x000002869cfe9800 Exception <a 'java/lang/ClassNotFoundException'{0x000000008d00dec0}: java/lang/ObjectCustomizer> (0x000000008d00dec0) thrown at [./src/hotspot/share/classfile/systemDictionary.cpp, line 231]
Event: 4.347 Thread 0x000002869cfe9800 Exception <a 'java/lang/ClassNotFoundException'{0x000000008d033c60}: groovy/lang/MetaClassImplCustomizer> (0x000000008d033c60) thrown at [./src/hotspot/share/classfile/systemDictionary.cpp, line 231]
Event: 4.360 Thread 0x000002869cfe9800 Exception <a 'java/lang/ClassNotFoundException'{0x000000008d072650}: groovy/lang/ExpandoMetaClassCustomizer> (0x000000008d072650) thrown at [./src/hotspot/share/classfile/systemDictionary.cpp, line 231]
Event: 4.723 Thread 0x000002869cfe9800 Exception <a 'java/lang/ClassNotFoundException'{0x000000008e5b3be0}: org/gradle/internal/extensibility/DefaultExtraPropertiesExtensionBeanInfo> (0x000000008e5b3be0) thrown at [./src/hotspot/share/classfile/systemDictionary.cpp, line 231]
Event: 4.724 Thread 0x000002869cfe9800 Exception <a 'java/lang/ClassNotFoundException'{0x000000008e5d3e00}: groovy/lang/GroovyObjectSupportBeanInfo> (0x000000008e5d3e00) thrown at [./src/hotspot/share/classfile/systemDictionary.cpp, line 231]
Event: 4.725 Thread 0x000002869cfe9800 Exception <a 'java/lang/ClassNotFoundException'{0x000000008e5f4068}: groovy/lang/GroovyObjectSupportCustomizer> (0x000000008e5f4068) thrown at [./src/hotspot/share/classfile/systemDictionary.cpp, line 231]
Event: 4.728 Thread 0x000002869cfe9800 Exception <a 'java/lang/ClassNotFoundException'{0x000000008e41aac0}: org/gradle/internal/extensibility/DefaultExtraPropertiesExtensionCustomizer> (0x000000008e41aac0) thrown at [./src/hotspot/share/classfile/systemDictionary.cpp, line 231]
Event: 4.809 Thread 0x000002869d6c9000 Exception <a 'java/lang/NoSuchMethodError'{0x000000008e289c68}: 'void java.lang.invoke.DirectMethodHandle$Holder.invokeSpecial(java.lang.Object, java.lang.Object)'> (0x000000008e289c68) thrown at [./src/hotspot/share/interpreter/linkResolver.cpp, line 773]

Events (20 events):
Event: 4.827 loading class org/gradle/cache/internal/btree/BTreePersistentIndexedCache$IndexEntry
Event: 4.827 loading class org/gradle/cache/internal/btree/BTreePersistentIndexedCache$IndexEntry done
Event: 4.834 loading class org/gradle/cache/internal/btree/BTreePersistentIndexedCache$Lookup
Event: 4.834 loading class org/gradle/cache/internal/btree/BTreePersistentIndexedCache$Lookup done
Event: 4.838 loading class org/gradle/internal/io/StreamByteBuffer
Event: 4.838 loading class org/gradle/internal/io/StreamByteBuffer done
Event: 4.839 loading class org/gradle/internal/io/StreamByteBuffer$StreamByteBufferInputStream
Event: 4.839 loading class org/gradle/internal/io/StreamByteBuffer$StreamByteBufferInputStream done
Event: 4.839 loading class org/gradle/internal/io/StreamByteBuffer$StreamByteBufferOutputStream
Event: 4.839 loading class org/gradle/internal/io/StreamByteBuffer$StreamByteBufferOutputStream done
Event: 4.839 loading class java/nio/charset/CharacterCodingException
Event: 4.840 loading class java/nio/charset/CharacterCodingException done
Event: 4.840 loading class org/gradle/internal/io/StreamByteBuffer$StreamByteBufferChunk
Event: 4.840 loading class org/gradle/internal/io/StreamByteBuffer$StreamByteBufferChunk done
Event: 4.840 loading class org/gradle/api/internal/changedetection/state/CachingFileHasher$FileInfo
Event: 4.840 loading class org/gradle/api/internal/changedetection/state/CachingFileHasher$FileInfo done
Event: 4.844 loading class org/gradle/internal/snapshot/FileSystemLocationSnapshot
Event: 4.844 loading class org/gradle/internal/snapshot/FileSystemLocationSnapshot done
Event: 4.845 loading class org/gradle/internal/snapshot/PathUtil
Event: 4.845 loading class org/gradle/internal/snapshot/PathUtil done


Dynamic libraries:
0x00007ff707340000 - 0x00007ff70734a000 	C:\Program Files\Android\Android Studio\jre\bin\java.exe
0x00007ffd90890000 - 0x00007ffd90a85000 	C:\Windows\SYSTEM32\ntdll.dll
0x00007ffd90030000 - 0x00007ffd900ee000 	C:\Windows\System32\KERNEL32.DLL
0x00007ffd8e170000 - 0x00007ffd8e438000 	C:\Windows\System32\KERNELBASE.dll
0x00007ffd8e580000 - 0x00007ffd8e680000 	C:\Windows\System32\ucrtbase.dll
0x00007ffd71dc0000 - 0x00007ffd71dd9000 	C:\Program Files\Android\Android Studio\jre\bin\jli.dll
0x00007ffd69b80000 - 0x00007ffd69b97000 	C:\Program Files\Android\Android Studio\jre\bin\VCRUNTIME140.dll
0x00007ffd906b0000 - 0x00007ffd90850000 	C:\Windows\System32\USER32.dll
0x00007ffd7a320000 - 0x00007ffd7a5ba000 	C:\Windows\WinSxS\amd64_microsoft.windows.common-controls_6595b64144ccf1df_6.0.19041.1110_none_60b5254171f9507e\COMCTL32.dll
0x00007ffd8fa40000 - 0x00007ffd8fade000 	C:\Windows\System32\msvcrt.dll
0x00007ffd8e870000 - 0x00007ffd8e892000 	C:\Windows\System32\win32u.dll
0x00007ffd8edd0000 - 0x00007ffd8edfb000 	C:\Windows\System32\GDI32.dll
0x00007ffd8dfb0000 - 0x00007ffd8e0bb000 	C:\Windows\System32\gdi32full.dll
0x00007ffd8e4b0000 - 0x00007ffd8e54d000 	C:\Windows\System32\msvcp_win.dll
0x00007ffd8f850000 - 0x00007ffd8f880000 	C:\Windows\System32\IMM32.DLL
0x00007ffd645a0000 - 0x00007ffd6463d000 	C:\Program Files\Android\Android Studio\jre\bin\msvcp140.dll
0x00007ffd42420000 - 0x00007ffd42ef5000 	C:\Program Files\Android\Android Studio\jre\bin\server\jvm.dll
0x00007ffd8ff00000 - 0x00007ffd8ffae000 	C:\Windows\System32\ADVAPI32.dll
0x00007ffd8fc10000 - 0x00007ffd8fcac000 	C:\Windows\System32\sechost.dll
0x00007ffd8f720000 - 0x00007ffd8f845000 	C:\Windows\System32\RPCRT4.dll
0x00007ffd8e8f0000 - 0x00007ffd8e8f8000 	C:\Windows\System32\PSAPI.DLL
0x00007ffd8b120000 - 0x00007ffd8b129000 	C:\Windows\SYSTEM32\WSOCK32.dll
0x00007ffd85110000 - 0x00007ffd8511a000 	C:\Windows\SYSTEM32\VERSION.dll
0x00007ffd7a260000 - 0x00007ffd7a287000 	C:\Windows\SYSTEM32\WINMM.dll
0x00007ffd8fd70000 - 0x00007ffd8fddb000 	C:\Windows\System32\WS2_32.dll
0x00007ffd8bde0000 - 0x00007ffd8bdf2000 	C:\Windows\SYSTEM32\kernel.appcore.dll
0x00007ffd83900000 - 0x00007ffd83911000 	C:\Program Files\Android\Android Studio\jre\bin\verify.dll
0x00007ffd77520000 - 0x00007ffd77704000 	C:\Windows\SYSTEM32\DBGHELP.DLL
0x00007ffd75ea0000 - 0x00007ffd75ecc000 	C:\Windows\SYSTEM32\dbgcore.DLL
0x00007ffd8e7e0000 - 0x00007ffd8e862000 	C:\Windows\System32\bcryptPrimitives.dll
0x00007ffd7d8e0000 - 0x00007ffd7d909000 	C:\Program Files\Android\Android Studio\jre\bin\java.dll
0x00007ffd8a6b0000 - 0x00007ffd8a6bb000 	C:\Program Files\Android\Android Studio\jre\bin\jimage.dll
0x00007ffd7ae50000 - 0x00007ffd7ae68000 	C:\Program Files\Android\Android Studio\jre\bin\zip.dll
0x00007ffd8ef20000 - 0x00007ffd8f664000 	C:\Windows\System32\SHELL32.dll
0x00007ffd8c0c0000 - 0x00007ffd8c854000 	C:\Windows\SYSTEM32\windows.storage.dll
0x00007ffd901d0000 - 0x00007ffd90524000 	C:\Windows\System32\combase.dll
0x00007ffd8da10000 - 0x00007ffd8da3c000 	C:\Windows\SYSTEM32\Wldp.dll
0x00007ffd8fcb0000 - 0x00007ffd8fd5d000 	C:\Windows\System32\SHCORE.dll
0x00007ffd8e900000 - 0x00007ffd8e955000 	C:\Windows\System32\shlwapi.dll
0x00007ffd8def0000 - 0x00007ffd8df0f000 	C:\Windows\SYSTEM32\profapi.dll
0x00007ffd792a0000 - 0x00007ffd792ba000 	C:\Program Files\Android\Android Studio\jre\bin\net.dll
0x00007ffd7e2e0000 - 0x00007ffd7e3e9000 	C:\Windows\SYSTEM32\WINHTTP.dll
0x00007ffd8d770000 - 0x00007ffd8d7da000 	C:\Windows\system32\mswsock.dll
0x00007ffd78a00000 - 0x00007ffd78a14000 	C:\Program Files\Android\Android Studio\jre\bin\nio.dll
0x00007ffd6d1e0000 - 0x00007ffd6d207000 	C:\Users\acer\.gradle\native\e1d6ef7f7dcc3fd88c89a11ec53ec762bb8ba0a96d01ffa2cd45eb1d1d8dd5c5\windows-amd64\native-platform.dll
0x00007ffd404f0000 - 0x00007ffd40634000 	C:\Users\acer\.gradle\native\5664cfc778a61ccfe75a443a1ab52a65af34e5dc3c78e0209fed803814484fcb\windows-amd64\native-platform-file-events.dll
0x00007ffd887e0000 - 0x00007ffd887ea000 	C:\Program Files\Android\Android Studio\jre\bin\management.dll
0x00007ffd887b0000 - 0x00007ffd887bd000 	C:\Program Files\Android\Android Studio\jre\bin\management_ext.dll
0x00007ffd8d970000 - 0x00007ffd8d988000 	C:\Windows\SYSTEM32\CRYPTSP.dll
0x00007ffd8d080000 - 0x00007ffd8d0b4000 	C:\Windows\system32\rsaenh.dll
0x00007ffd8e550000 - 0x00007ffd8e577000 	C:\Windows\System32\bcrypt.dll
0x00007ffd8de70000 - 0x00007ffd8de9e000 	C:\Windows\SYSTEM32\USERENV.dll
0x00007ffd8d960000 - 0x00007ffd8d96c000 	C:\Windows\SYSTEM32\CRYPTBASE.dll
0x00007ffd8d410000 - 0x00007ffd8d44b000 	C:\Windows\SYSTEM32\IPHLPAPI.DLL
0x00007ffd8f880000 - 0x00007ffd8f888000 	C:\Windows\System32\NSI.dll
0x00007ffd86db0000 - 0x00007ffd86dc7000 	C:\Windows\SYSTEM32\dhcpcsvc6.DLL
0x00007ffd86ea0000 - 0x00007ffd86ebd000 	C:\Windows\SYSTEM32\dhcpcsvc.DLL
0x00007ffd8d460000 - 0x00007ffd8d52a000 	C:\Windows\SYSTEM32\DNSAPI.dll

dbghelp: loaded successfully - version: 4.0.5 - missing functions: none
symbol engine: initialized successfully - sym options: 0x614 - pdb path: .;C:\Program Files\Android\Android Studio\jre\bin;C:\Windows\SYSTEM32;C:\Windows\WinSxS\amd64_microsoft.windows.common-controls_6595b64144ccf1df_6.0.19041.1110_none_60b5254171f9507e;C:\Program Files\Android\Android Studio\jre\bin\server;C:\Users\acer\.gradle\native\e1d6ef7f7dcc3fd88c89a11ec53ec762bb8ba0a96d01ffa2cd45eb1d1d8dd5c5\windows-amd64;C:\Users\acer\.gradle\native\5664cfc778a61ccfe75a443a1ab52a65af34e5dc3c78e0209fed803814484fcb\windows-amd64

VM Arguments:
jvm_args: --add-opens=java.base/java.util=ALL-UNNAMED --add-opens=java.base/java.lang=ALL-UNNAMED --add-opens=java.base/java.lang.invoke=ALL-UNNAMED --add-opens=java.base/java.util=ALL-UNNAMED --add-opens=java.prefs/java.util.prefs=ALL-UNNAMED --add-opens=java.prefs/java.util.prefs=ALL-UNNAMED --add-opens=java.base/java.nio.charset=ALL-UNNAMED --add-opens=java.base/java.net=ALL-UNNAMED --add-opens=java.base/java.util.concurrent.atomic=ALL-UNNAMED -Xmx2048m -Dfile.encoding=UTF-8 -Duser.country=ID -Duser.language=en -Duser.variant 
java_command: org.gradle.launcher.daemon.bootstrap.GradleDaemon 7.2
java_class_path (initial): C:\Users\acer\.gradle\wrapper\dists\gradle-7.2-bin\2dnblmf4td7x66yl1d74lt32g\gradle-7.2\lib\gradle-launcher-7.2.jar
Launcher Type: SUN_STANDARD

[Global flags]
     intx CICompilerCount                          = 4                                         {product} {ergonomic}
     uint ConcGCThreads                            = 2                                         {product} {ergonomic}
     uint G1ConcRefinementThreads                  = 8                                         {product} {ergonomic}
   size_t G1HeapRegionSize                         = 1048576                                   {product} {ergonomic}
    uintx GCDrainStackTargetSize                   = 64                                        {product} {ergonomic}
   size_t InitialHeapSize                          = 266338304                                 {product} {ergonomic}
   size_t MarkStackSize                            = 4194304                                   {product} {ergonomic}
   size_t MaxHeapSize                              = 2147483648                                {product} {command line}
   size_t MaxNewSize                               = 1287651328                                {product} {ergonomic}
   size_t MinHeapDeltaBytes                        = 1048576                                   {product} {ergonomic}
    uintx NonNMethodCodeHeapSize                   = 5836300                                {pd product} {ergonomic}
    uintx NonProfiledCodeHeapSize                  = 122910970                              {pd product} {ergonomic}
    uintx ProfiledCodeHeapSize                     = 122910970                              {pd product} {ergonomic}
    uintx ReservedCodeCacheSize                    = 251658240                              {pd product} {ergonomic}
     bool SegmentedCodeCache                       = true                                      {product} {ergonomic}
     bool UseCompressedClassPointers               = true                                 {lp64_product} {ergonomic}
     bool UseCompressedOops                        = true                                 {lp64_product} {ergonomic}
     bool UseG1GC                                  = true                                      {product} {ergonomic}
     bool UseLargePagesIndividualAllocation        = false                                  {pd product} {ergonomic}

Logging:
Log output configuration:
 #0: stdout all=warning uptime,level,tags
 #1: stderr all=off uptime,level,tags

Environment Variables:
PATH=C:\Program Files (x86)\Common Files\Oracle\Java\javapath;C:\Windows\system32;C:\Windows;C:\Windows\System32\Wbem;C:\Windows\System32\WindowsPowerShell\v1.0\;C:\Windows\System32\OpenSSH\;C:\Program Files\NVIDIA Corporation\NVIDIA NvDLISR;C:\Program Files (x86)\NVIDIA Corporation\PhysX\Common;C:\xampp\php;C:\Program Files\Git\cmd;C:\Program Files\Java\jdk1.7.0_80\bin;C:\Users\acer\AppData\Local\Programs\Microsoft VS Code\bin
USERNAME=acer
OS=Windows_NT
PROCESSOR_IDENTIFIER=Intel64 Family 6 Model 158 Stepping 9, GenuineIntel



---------------  S Y S T E M  ---------------

OS: Windows 10 , 64 bit Build 19041 (10.0.19041.1566)
OS uptime: 13 days 9:56 hours

CPU:total 8 (initial active 8) (4 cores per cpu, 2 threads per core) family 6 model 158 stepping 9 microcode 0xb4, cmov, cx8, fxsr, mmx, sse, sse2, sse3, ssse3, sse4.1, sse4.2, popcnt, avx, avx2, aes, clmul, erms, 3dnowpref, lzcnt, ht, tsc, tscinvbit, bmi1, bmi2, adx, fma

Memory: 4k page, system-wide physical 16252M (2346M free)
TotalPageFile size 16252M (AvailPageFile size 0M)
current process WorkingSet (physical memory assigned to process): 284M, peak: 286M
current process commit charge ("private bytes"): 449M, peak: 453M

vm_info: OpenJDK 64-Bit Server VM (11.0.11+9-b60-7590822) for windows-amd64 JRE (11.0.11+9-b60-7590822), built on Jul 29 2021 21:43:44 by "builder" with MS VC++ 14.0 (VS2015)

END.
