#
# There is insufficient memory for the Java Runtime Environment to continue.
# Native memory allocation (malloc) failed to allocate 34368 bytes for Chunk::new
# Possible reasons:
#   The system is out of physical RAM or swap space
#   The process is running with CompressedOops enabled, and the Java Heap may be blocking the growth of the native heap
# Possible solutions:
#   Reduce memory load on the system
#   Increase physical memory or swap space
#   Check if swap backing store is full
#   Decrease Java heap size (-Xmx/-Xms)
#   Decrease number of Java threads
#   Decrease Java thread stack sizes (-Xss)
#   Set larger code cache with -XX:ReservedCodeCacheSize=
#   JVM is running with Unscaled Compressed Oops mode in which the Java heap is
#     placed in the first 4GB address space. The Java Heap base address is the
#     maximum limit for the native heap growth. Please use -XX:HeapBaseMinAddress
#     to set the Java Heap base and to place the Java Heap above 4GB virtual address.
# This output file may be truncated or incomplete.
#
#  Out of Memory Error (./src/hotspot/share/memory/arena.cpp:197), pid=3032, tid=5712
#
# JRE version: OpenJDK Runtime Environment (11.0.11+9) (build 11.0.11+9-b60-7590822)
# Java VM: OpenJDK 64-Bit Server VM (11.0.11+9-b60-7590822, mixed mode, tiered, compressed oops, g1 gc, windows-amd64)
# No core dump will be written. Minidumps are not enabled by default on client versions of Windows
#

---------------  S U M M A R Y ------------

Command Line: --add-opens=java.base/java.util=ALL-UNNAMED --add-opens=java.base/java.lang=ALL-UNNAMED --add-opens=java.base/java.lang.invoke=ALL-UNNAMED --add-opens=java.base/java.util=ALL-UNNAMED --add-opens=java.prefs/java.util.prefs=ALL-UNNAMED --add-opens=java.prefs/java.util.prefs=ALL-UNNAMED --add-opens=java.base/java.nio.charset=ALL-UNNAMED --add-opens=java.base/java.net=ALL-UNNAMED --add-opens=java.base/java.util.concurrent.atomic=ALL-UNNAMED -Xmx2048m -Dfile.encoding=UTF-8 -Duser.country=ID -Duser.language=en -Duser.variant org.gradle.launcher.daemon.bootstrap.GradleDaemon 7.2

Host: Intel(R) Core(TM) i7-7700HQ CPU @ 2.80GHz, 8 cores, 15G,  Windows 10 , 64 bit Build 19041 (10.0.19041.1645)
Time: Fri Apr 22 02:09:43 2022 SE Asia Standard Time elapsed time: 4.028075 seconds (0d 0h 0m 4s)

---------------  T H R E A D  ---------------

Current thread (0x000001bbe809b800):  JavaThread "C2 CompilerThread1" daemon [_thread_in_native, id=5712, stack(0x000000191e200000,0x000000191e300000)]


Current CompileTask:
C2:   4028 2494       4       org.gradle.internal.reflect.PropertyAccessorType::of (95 bytes)

Stack: [0x000000191e200000,0x000000191e300000]
Native frames: (J=compiled Java code, j=interpreted, Vv=VM code, C=native code)
V  [jvm.dll+0x5f214a]
V  [jvm.dll+0x726fb5]
V  [jvm.dll+0x7285cd]
V  [jvm.dll+0x728c83]
V  [jvm.dll+0x243278]
V  [jvm.dll+0xbc53c]
V  [jvm.dll+0xbca3c]
V  [jvm.dll+0xbc638]
V  [jvm.dll+0x64dc1c]
V  [jvm.dll+0x50f744]
V  [jvm.dll+0x4f9728]
V  [jvm.dll+0x4f6a99]
V  [jvm.dll+0x4f8a76]
V  [jvm.dll+0x4f844b]
V  [jvm.dll+0x4f7c1f]
V  [jvm.dll+0x5089e6]
V  [jvm.dll+0x1fd826]
V  [jvm.dll+0x1fb35f]
V  [jvm.dll+0x183d6c]
V  [jvm.dll+0x209a57]
V  [jvm.dll+0x2082a1]
V  [jvm.dll+0x6ef58f]
V  [jvm.dll+0x6e80b5]
V  [jvm.dll+0x5f1036]
C  [ucrtbase.dll+0x21bb2]
C  [KERNEL32.DLL+0x17034]
C  [ntdll.dll+0x52651]


---------------  P R O C E S S  ---------------

Threads class SMR info:
_java_thread_list=0x000001bbeb8f1bc0, length=32, elements={
0x000001bbcaee3800, 0x000001bbe5bc2000, 0x000001bbe5bcb000, 0x000001bbe5c26800,
0x000001bbe5c27800, 0x000001bbe5c29000, 0x000001bbe5c2f000, 0x000001bbe5c3b800,
0x000001bbe5c3c800, 0x000001bbe5d99000, 0x000001bbe8586000, 0x000001bbe5e90000,
0x000001bbe7f44000, 0x000001bbe80fc800, 0x000001bbe767b800, 0x000001bbe7e6c800,
0x000001bbe809d000, 0x000001bbe9722800, 0x000001bbe769e000, 0x000001bbe769f800,
0x000001bbe809b800, 0x000001bbe769f000, 0x000001bbe769d800, 0x000001bbe84b8000,
0x000001bbe84b9800, 0x000001bbe84b8800, 0x000001bbe84bb000, 0x000001bbe84ba000,
0x000001bbe84b6000, 0x000001bbe84bc000, 0x000001bbe9d7d000, 0x000001bbe84b7000
}

Java Threads: ( => current thread )
  0x000001bbcaee3800 JavaThread "main" [_thread_blocked, id=2208, stack(0x000000191c200000,0x000000191c300000)]
  0x000001bbe5bc2000 JavaThread "Reference Handler" daemon [_thread_blocked, id=9772, stack(0x000000191c900000,0x000000191ca00000)]
  0x000001bbe5bcb000 JavaThread "Finalizer" daemon [_thread_blocked, id=4208, stack(0x000000191ca00000,0x000000191cb00000)]
  0x000001bbe5c26800 JavaThread "Signal Dispatcher" daemon [_thread_blocked, id=1428, stack(0x000000191cb00000,0x000000191cc00000)]
  0x000001bbe5c27800 JavaThread "Attach Listener" daemon [_thread_blocked, id=2904, stack(0x000000191cc00000,0x000000191cd00000)]
  0x000001bbe5c29000 JavaThread "Service Thread" daemon [_thread_blocked, id=2248, stack(0x000000191cd00000,0x000000191ce00000)]
  0x000001bbe5c2f000 JavaThread "C2 CompilerThread0" daemon [_thread_in_native, id=5600, stack(0x000000191ce00000,0x000000191cf00000)]
  0x000001bbe5c3b800 JavaThread "C1 CompilerThread0" daemon [_thread_in_native, id=11592, stack(0x000000191cf00000,0x000000191d000000)]
  0x000001bbe5c3c800 JavaThread "Sweeper thread" daemon [_thread_blocked, id=1172, stack(0x000000191d000000,0x000000191d100000)]
  0x000001bbe5d99000 JavaThread "Common-Cleaner" daemon [_thread_blocked, id=11352, stack(0x000000191d100000,0x000000191d200000)]
  0x000001bbe8586000 JavaThread "Daemon health stats" [_thread_blocked, id=11600, stack(0x000000191da00000,0x000000191db00000)]
  0x000001bbe5e90000 JavaThread "Incoming local TCP Connector on port 64031" [_thread_in_native, id=4100, stack(0x000000191d300000,0x000000191d400000)]
  0x000001bbe7f44000 JavaThread "Daemon periodic checks" [_thread_blocked, id=4284, stack(0x000000191d900000,0x000000191da00000)]
  0x000001bbe80fc800 JavaThread "Daemon" [_thread_blocked, id=9692, stack(0x000000191db00000,0x000000191dc00000)]
  0x000001bbe767b800 JavaThread "Handler for socket connection from /127.0.0.1:64031 to /127.0.0.1:64032" [_thread_in_native, id=9972, stack(0x000000191dc00000,0x000000191dd00000)]
  0x000001bbe7e6c800 JavaThread "Cancel handler" [_thread_blocked, id=3412, stack(0x000000191dd00000,0x000000191de00000)]
  0x000001bbe809d000 JavaThread "Daemon worker" [_thread_in_Java, id=12976, stack(0x000000191de00000,0x000000191df00000)]
  0x000001bbe9722800 JavaThread "Asynchronous log dispatcher for DefaultDaemonConnection: socket connection from /127.0.0.1:64031 to /127.0.0.1:64032" [_thread_blocked, id=2240, stack(0x000000191df00000,0x000000191e000000)]
  0x000001bbe769e000 JavaThread "Stdin handler" [_thread_blocked, id=3756, stack(0x000000191e000000,0x000000191e100000)]
  0x000001bbe769f800 JavaThread "Daemon client event forwarder" [_thread_blocked, id=7492, stack(0x000000191e100000,0x000000191e200000)]
=>0x000001bbe809b800 JavaThread "C2 CompilerThread1" daemon [_thread_in_native, id=5712, stack(0x000000191e200000,0x000000191e300000)]
  0x000001bbe769f000 JavaThread "Cache worker for journal cache (C:\Users\acer\.gradle\caches\journal-1)" [_thread_blocked, id=960, stack(0x000000191e300000,0x000000191e400000)]
  0x000001bbe769d800 JavaThread "File lock request listener" [_thread_in_native, id=2720, stack(0x000000191e400000,0x000000191e500000)]
  0x000001bbe84b8000 JavaThread "Cache worker for file hash cache (C:\Users\acer\.gradle\caches\7.2\fileHashes)" [_thread_blocked, id=2112, stack(0x000000191e500000,0x000000191e600000)]
  0x000001bbe84b9800 JavaThread "Cache worker for file hash cache (F:\UNIKOM\aplikasi komputer bergerak\tugas\lat2\.gradle\7.2\fileHashes)" [_thread_blocked, id=9052, stack(0x000000191e900000,0x000000191ea00000)]
  0x000001bbe84b8800 JavaThread "File watcher server" daemon [_thread_in_native, id=9704, stack(0x000000191ea00000,0x000000191eb00000)]
  0x000001bbe84bb000 JavaThread "File watcher consumer" daemon [_thread_blocked, id=6400, stack(0x000000191eb00000,0x000000191ec00000)]
  0x000001bbe84ba000 JavaThread "Cache worker for checksums cache (F:\UNIKOM\aplikasi komputer bergerak\tugas\lat2\.gradle\checksums)" [_thread_blocked, id=14036, stack(0x000000191ec00000,0x000000191ed00000)]
  0x000001bbe84b6000 JavaThread "Cache worker for cache directory md-supplier (C:\Users\acer\.gradle\caches\7.2\md-supplier)" [_thread_blocked, id=11312, stack(0x000000191ed00000,0x000000191ee00000)]
  0x000001bbe84bc000 JavaThread "Cache worker for cache directory md-rule (C:\Users\acer\.gradle\caches\7.2\md-rule)" [_thread_blocked, id=3852, stack(0x000000191ee00000,0x000000191ef00000)]
  0x000001bbe9d7d000 JavaThread "C2 CompilerThread2" daemon [_thread_in_native, id=3776, stack(0x000000191ef00000,0x000000191f000000)]
  0x000001bbe84b7000 JavaThread "Cache worker for execution history cache (C:\Users\acer\.gradle\caches\7.2\executionHistory)" [_thread_blocked, id=7796, stack(0x000000191f000000,0x000000191f100000)]

Other Threads:
  0x000001bbe5bbe800 VMThread "VM Thread" [stack: 0x000000191c800000,0x000000191c900000] [id=6772]
  0x000001bbe5dcb000 WatcherThread [stack: 0x000000191d200000,0x000000191d300000] [id=8036]
  0x000001bbcaef5800 GCTaskThread "GC Thread#0" [stack: 0x000000191c300000,0x000000191c400000] [id=5800]
  0x000001bbe6256800 GCTaskThread "GC Thread#1" [stack: 0x000000191d400000,0x000000191d500000] [id=10508]
  0x000001bbe65d5800 GCTaskThread "GC Thread#2" [stack: 0x000000191d500000,0x000000191d600000] [id=4316]
  0x000001bbe6320800 GCTaskThread "GC Thread#3" [stack: 0x000000191d600000,0x000000191d700000] [id=8988]
  0x000001bbe6613000 GCTaskThread "GC Thread#4" [stack: 0x000000191d700000,0x000000191d800000] [id=10104]
  0x000001bbe6d04000 GCTaskThread "GC Thread#5" [stack: 0x000000191d800000,0x000000191d900000] [id=4772]
  0x000001bbe7f53000 GCTaskThread "GC Thread#6" [stack: 0x000000191e600000,0x000000191e700000] [id=3876]
  0x000001bbe7058800 GCTaskThread "GC Thread#7" [stack: 0x000000191e700000,0x000000191e800000] [id=5616]
  0x000001bbcaf25800 ConcurrentGCThread "G1 Main Marker" [stack: 0x000000191c400000,0x000000191c500000] [id=10612]
  0x000001bbcaf27000 ConcurrentGCThread "G1 Conc#0" [stack: 0x000000191c500000,0x000000191c600000] [id=3012]
  0x000001bbe6bfa000 ConcurrentGCThread "G1 Conc#1" [stack: 0x000000191e800000,0x000000191e900000] [id=10512]
  0x000001bbcafbe000 ConcurrentGCThread "G1 Refine#0" [stack: 0x000000191c600000,0x000000191c700000] [id=11980]
  0x000001bbe5208800 ConcurrentGCThread "G1 Young RemSet Sampling" [stack: 0x000000191c700000,0x000000191c800000] [id=12960]

Threads with active compile tasks:
C2 CompilerThread0   4072 2526       4       org.gradle.internal.logging.text.AbstractLineChoppingStyledTextOutput$1::execute (9 bytes)
C2 CompilerThread1   4072 2494       4       org.gradle.internal.reflect.PropertyAccessorType::of (95 bytes)
C2 CompilerThread2   4072 2493   !   4       java.lang.reflect.Executable::declaredAnnotations (85 bytes)

VM state:not at safepoint (normal execution)

VM Mutex/Monitor currently owned by a thread: None

OutOfMemory and StackOverflow Exception counts:
OutOfMemoryError java_heap_errors=1
LinkageErrors=43

Heap address: 0x0000000080000000, size: 2048 MB, Compressed Oops mode: 32-bit
Narrow klass base: 0x0000000000000000, Narrow klass shift: 3
Compressed class space size: 1073741824 Address: 0x0000000100000000

Heap:
 garbage-first heap   total 260096K, used 20734K [0x0000000080000000, 0x0000000100000000)
  region size 1024K, 6 young (6144K), 4 survivors (4096K)
 Metaspace       used 29910K, capacity 30572K, committed 30720K, reserved 1081344K
  class space    used 4003K, capacity 4274K, committed 4352K, reserved 1048576K
Heap Regions: E=young(eden), S=young(survivor), O=old, HS=humongous(starts), HC=humongous(continues), CS=collection set, F=free, A=archive, TAMS=top-at-mark-start (previous, next)
|   0|0x0000000080000000, 0x0000000080100000, 0x0000000080100000|100%| O|  |TAMS 0x0000000080100000, 0x0000000080000000| Untracked 
|   1|0x0000000080100000, 0x0000000080200000, 0x0000000080200000|100%| O|  |TAMS 0x0000000080200000, 0x0000000080100000| Untracked 
|   2|0x0000000080200000, 0x0000000080300000, 0x0000000080300000|100%| O|  |TAMS 0x0000000080300000, 0x0000000080200000| Untracked 
|   3|0x0000000080300000, 0x0000000080400000, 0x0000000080400000|100%|HS|  |TAMS 0x0000000080400000, 0x0000000080300000| Complete 
|   4|0x0000000080400000, 0x0000000080500000, 0x0000000080500000|100%|HC|  |TAMS 0x0000000080500000, 0x0000000080400000| Complete 
|   5|0x0000000080500000, 0x0000000080600000, 0x0000000080600000|100%|HC|  |TAMS 0x0000000080600000, 0x0000000080500000| Complete 
|   6|0x0000000080600000, 0x0000000080700000, 0x0000000080700000|100%| O|  |TAMS 0x0000000080700000, 0x0000000080600000| Untracked 
|   7|0x0000000080700000, 0x0000000080800000, 0x0000000080800000|100%| O|  |TAMS 0x0000000080800000, 0x0000000080700000| Untracked 
|   8|0x0000000080800000, 0x0000000080900000, 0x0000000080900000|100%| O|  |TAMS 0x0000000080900000, 0x0000000080800000| Untracked 
|   9|0x0000000080900000, 0x0000000080a00000, 0x0000000080a00000|100%| O|  |TAMS 0x0000000080a00000, 0x0000000080900000| Untracked 
|  10|0x0000000080a00000, 0x0000000080b00000, 0x0000000080b00000|100%| O|  |TAMS 0x0000000080b00000, 0x0000000080a00000| Untracked 
|  11|0x0000000080b00000, 0x0000000080c00000, 0x0000000080c00000|100%| O|  |TAMS 0x0000000080c00000, 0x0000000080b00000| Untracked 
|  12|0x0000000080c00000, 0x0000000080d00000, 0x0000000080d00000|100%| O|  |TAMS 0x0000000080d00000, 0x0000000080c00000| Untracked 
|  13|0x0000000080d00000, 0x0000000080e00000, 0x0000000080e00000|100%| O|  |TAMS 0x0000000080e00000, 0x0000000080d00000| Untracked 
|  14|0x0000000080e00000, 0x0000000080f00000, 0x0000000080f00000|100%| O|  |TAMS 0x0000000080f00000, 0x0000000080e00000| Untracked 
|  15|0x0000000080f00000, 0x0000000080ff7200, 0x0000000081000000| 96%| O|  |TAMS 0x0000000080ff7200, 0x0000000080f00000| Untracked 
|  16|0x0000000081000000, 0x0000000081000000, 0x0000000081100000|  0%| F|  |TAMS 0x0000000081000000, 0x0000000081000000| Untracked 
|  17|0x0000000081100000, 0x0000000081100000, 0x0000000081200000|  0%| F|  |TAMS 0x0000000081100000, 0x0000000081100000| Untracked 
|  18|0x0000000081200000, 0x0000000081200000, 0x0000000081300000|  0%| F|  |TAMS 0x0000000081200000, 0x0000000081200000| Untracked 
|  19|0x0000000081300000, 0x0000000081300000, 0x0000000081400000|  0%| F|  |TAMS 0x0000000081300000, 0x0000000081300000| Untracked 
|  20|0x0000000081400000, 0x0000000081400000, 0x0000000081500000|  0%| F|  |TAMS 0x0000000081400000, 0x0000000081400000| Untracked 
|  21|0x0000000081500000, 0x0000000081500000, 0x0000000081600000|  0%| F|  |TAMS 0x0000000081500000, 0x0000000081500000| Untracked 
|  22|0x0000000081600000, 0x0000000081600000, 0x0000000081700000|  0%| F|  |TAMS 0x0000000081600000, 0x0000000081600000| Untracked 
|  23|0x0000000081700000, 0x0000000081700000, 0x0000000081800000|  0%| F|  |TAMS 0x0000000081700000, 0x0000000081700000| Untracked 
|  24|0x0000000081800000, 0x0000000081800000, 0x0000000081900000|  0%| F|  |TAMS 0x0000000081800000, 0x0000000081800000| Untracked 
|  25|0x0000000081900000, 0x0000000081900000, 0x0000000081a00000|  0%| F|  |TAMS 0x0000000081900000, 0x0000000081900000| Untracked 
|  26|0x0000000081a00000, 0x0000000081a00000, 0x0000000081b00000|  0%| F|  |TAMS 0x0000000081a00000, 0x0000000081a00000| Untracked 
|  27|0x0000000081b00000, 0x0000000081b00000, 0x0000000081c00000|  0%| F|  |TAMS 0x0000000081b00000, 0x0000000081b00000| Untracked 
|  28|0x0000000081c00000, 0x0000000081c00000, 0x0000000081d00000|  0%| F|  |TAMS 0x0000000081c00000, 0x0000000081c00000| Untracked 
|  29|0x0000000081d00000, 0x0000000081d00000, 0x0000000081e00000|  0%| F|  |TAMS 0x0000000081d00000, 0x0000000081d00000| Untracked 
|  30|0x0000000081e00000, 0x0000000081e00000, 0x0000000081f00000|  0%| F|  |TAMS 0x0000000081e00000, 0x0000000081e00000| Untracked 
|  31|0x0000000081f00000, 0x0000000081f00000, 0x0000000082000000|  0%| F|  |TAMS 0x0000000081f00000, 0x0000000081f00000| Untracked 
|  32|0x0000000082000000, 0x0000000082000000, 0x0000000082100000|  0%| F|  |TAMS 0x0000000082000000, 0x0000000082000000| Untracked 
|  33|0x0000000082100000, 0x0000000082100000, 0x0000000082200000|  0%| F|  |TAMS 0x0000000082100000, 0x0000000082100000| Untracked 
|  34|0x0000000082200000, 0x0000000082200000, 0x0000000082300000|  0%| F|  |TAMS 0x0000000082200000, 0x0000000082200000| Untracked 
|  35|0x0000000082300000, 0x0000000082300000, 0x0000000082400000|  0%| F|  |TAMS 0x0000000082300000, 0x0000000082300000| Untracked 
|  36|0x0000000082400000, 0x0000000082400000, 0x0000000082500000|  0%| F|  |TAMS 0x0000000082400000, 0x0000000082400000| Untracked 
|  37|0x0000000082500000, 0x0000000082500000, 0x0000000082600000|  0%| F|  |TAMS 0x0000000082500000, 0x0000000082500000| Untracked 
|  38|0x0000000082600000, 0x0000000082600000, 0x0000000082700000|  0%| F|  |TAMS 0x0000000082600000, 0x0000000082600000| Untracked 
|  39|0x0000000082700000, 0x0000000082700000, 0x0000000082800000|  0%| F|  |TAMS 0x0000000082700000, 0x0000000082700000| Untracked 
|  40|0x0000000082800000, 0x0000000082800000, 0x0000000082900000|  0%| F|  |TAMS 0x0000000082800000, 0x0000000082800000| Untracked 
|  41|0x0000000082900000, 0x0000000082900000, 0x0000000082a00000|  0%| F|  |TAMS 0x0000000082900000, 0x0000000082900000| Untracked 
|  42|0x0000000082a00000, 0x0000000082a00000, 0x0000000082b00000|  0%| F|  |TAMS 0x0000000082a00000, 0x0000000082a00000| Untracked 
|  43|0x0000000082b00000, 0x0000000082b00000, 0x0000000082c00000|  0%| F|  |TAMS 0x0000000082b00000, 0x0000000082b00000| Untracked 
|  44|0x0000000082c00000, 0x0000000082c00000, 0x0000000082d00000|  0%| F|  |TAMS 0x0000000082c00000, 0x0000000082c00000| Untracked 
|  45|0x0000000082d00000, 0x0000000082d00000, 0x0000000082e00000|  0%| F|  |TAMS 0x0000000082d00000, 0x0000000082d00000| Untracked 
|  46|0x0000000082e00000, 0x0000000082e00000, 0x0000000082f00000|  0%| F|  |TAMS 0x0000000082e00000, 0x0000000082e00000| Untracked 
|  47|0x0000000082f00000, 0x0000000082f00000, 0x0000000083000000|  0%| F|  |TAMS 0x0000000082f00000, 0x0000000082f00000| Untracked 
|  48|0x0000000083000000, 0x0000000083000000, 0x0000000083100000|  0%| F|  |TAMS 0x0000000083000000, 0x0000000083000000| Untracked 
|  49|0x0000000083100000, 0x0000000083100000, 0x0000000083200000|  0%| F|  |TAMS 0x0000000083100000, 0x0000000083100000| Untracked 
|  50|0x0000000083200000, 0x0000000083200000, 0x0000000083300000|  0%| F|  |TAMS 0x0000000083200000, 0x0000000083200000| Untracked 
|  51|0x0000000083300000, 0x0000000083300000, 0x0000000083400000|  0%| F|  |TAMS 0x0000000083300000, 0x0000000083300000| Untracked 
|  52|0x0000000083400000, 0x0000000083400000, 0x0000000083500000|  0%| F|  |TAMS 0x0000000083400000, 0x0000000083400000| Untracked 
|  53|0x0000000083500000, 0x0000000083500000, 0x0000000083600000|  0%| F|  |TAMS 0x0000000083500000, 0x0000000083500000| Untracked 
|  54|0x0000000083600000, 0x0000000083600000, 0x0000000083700000|  0%| F|  |TAMS 0x0000000083600000, 0x0000000083600000| Untracked 
|  55|0x0000000083700000, 0x0000000083700000, 0x0000000083800000|  0%| F|  |TAMS 0x0000000083700000, 0x0000000083700000| Untracked 
|  56|0x0000000083800000, 0x0000000083800000, 0x0000000083900000|  0%| F|  |TAMS 0x0000000083800000, 0x0000000083800000| Untracked 
|  57|0x0000000083900000, 0x0000000083900000, 0x0000000083a00000|  0%| F|  |TAMS 0x0000000083900000, 0x0000000083900000| Untracked 
|  58|0x0000000083a00000, 0x0000000083a00000, 0x0000000083b00000|  0%| F|  |TAMS 0x0000000083a00000, 0x0000000083a00000| Untracked 
|  59|0x0000000083b00000, 0x0000000083b00000, 0x0000000083c00000|  0%| F|  |TAMS 0x0000000083b00000, 0x0000000083b00000| Untracked 
|  60|0x0000000083c00000, 0x0000000083c00000, 0x0000000083d00000|  0%| F|  |TAMS 0x0000000083c00000, 0x0000000083c00000| Untracked 
|  61|0x0000000083d00000, 0x0000000083d00000, 0x0000000083e00000|  0%| F|  |TAMS 0x0000000083d00000, 0x0000000083d00000| Untracked 
|  62|0x0000000083e00000, 0x0000000083e00000, 0x0000000083f00000|  0%| F|  |TAMS 0x0000000083e00000, 0x0000000083e00000| Untracked 
|  63|0x0000000083f00000, 0x0000000083f00000, 0x0000000084000000|  0%| F|  |TAMS 0x0000000083f00000, 0x0000000083f00000| Untracked 
|  64|0x0000000084000000, 0x0000000084000000, 0x0000000084100000|  0%| F|  |TAMS 0x0000000084000000, 0x0000000084000000| Untracked 
|  65|0x0000000084100000, 0x0000000084100000, 0x0000000084200000|  0%| F|  |TAMS 0x0000000084100000, 0x0000000084100000| Untracked 
|  66|0x0000000084200000, 0x0000000084200000, 0x0000000084300000|  0%| F|  |TAMS 0x0000000084200000, 0x0000000084200000| Untracked 
|  67|0x0000000084300000, 0x0000000084300000, 0x0000000084400000|  0%| F|  |TAMS 0x0000000084300000, 0x0000000084300000| Untracked 
|  68|0x0000000084400000, 0x0000000084400000, 0x0000000084500000|  0%| F|  |TAMS 0x0000000084400000, 0x0000000084400000| Untracked 
|  69|0x0000000084500000, 0x0000000084500000, 0x0000000084600000|  0%| F|  |TAMS 0x0000000084500000, 0x0000000084500000| Untracked 
|  70|0x0000000084600000, 0x0000000084600000, 0x0000000084700000|  0%| F|  |TAMS 0x0000000084600000, 0x0000000084600000| Untracked 
|  71|0x0000000084700000, 0x0000000084700000, 0x0000000084800000|  0%| F|  |TAMS 0x0000000084700000, 0x0000000084700000| Untracked 
|  72|0x0000000084800000, 0x0000000084800000, 0x0000000084900000|  0%| F|  |TAMS 0x0000000084800000, 0x0000000084800000| Untracked 
|  73|0x0000000084900000, 0x0000000084900000, 0x0000000084a00000|  0%| F|  |TAMS 0x0000000084900000, 0x0000000084900000| Untracked 
|  74|0x0000000084a00000, 0x0000000084a00000, 0x0000000084b00000|  0%| F|  |TAMS 0x0000000084a00000, 0x0000000084a00000| Untracked 
|  75|0x0000000084b00000, 0x0000000084b00000, 0x0000000084c00000|  0%| F|  |TAMS 0x0000000084b00000, 0x0000000084b00000| Untracked 
|  76|0x0000000084c00000, 0x0000000084c00000, 0x0000000084d00000|  0%| F|  |TAMS 0x0000000084c00000, 0x0000000084c00000| Untracked 
|  77|0x0000000084d00000, 0x0000000084d00000, 0x0000000084e00000|  0%| F|  |TAMS 0x0000000084d00000, 0x0000000084d00000| Untracked 
|  78|0x0000000084e00000, 0x0000000084e00000, 0x0000000084f00000|  0%| F|  |TAMS 0x0000000084e00000, 0x0000000084e00000| Untracked 
|  79|0x0000000084f00000, 0x0000000084f00000, 0x0000000085000000|  0%| F|  |TAMS 0x0000000084f00000, 0x0000000084f00000| Untracked 
|  80|0x0000000085000000, 0x0000000085000000, 0x0000000085100000|  0%| F|  |TAMS 0x0000000085000000, 0x0000000085000000| Untracked 
|  81|0x0000000085100000, 0x0000000085100000, 0x0000000085200000|  0%| F|  |TAMS 0x0000000085100000, 0x0000000085100000| Untracked 
|  82|0x0000000085200000, 0x0000000085200000, 0x0000000085300000|  0%| F|  |TAMS 0x0000000085200000, 0x0000000085200000| Untracked 
|  83|0x0000000085300000, 0x0000000085300000, 0x0000000085400000|  0%| F|  |TAMS 0x0000000085300000, 0x0000000085300000| Untracked 
|  84|0x0000000085400000, 0x0000000085400000, 0x0000000085500000|  0%| F|  |TAMS 0x0000000085400000, 0x0000000085400000| Untracked 
|  85|0x0000000085500000, 0x0000000085500000, 0x0000000085600000|  0%| F|  |TAMS 0x0000000085500000, 0x0000000085500000| Untracked 
|  86|0x0000000085600000, 0x0000000085600000, 0x0000000085700000|  0%| F|  |TAMS 0x0000000085600000, 0x0000000085600000| Untracked 
|  87|0x0000000085700000, 0x0000000085700000, 0x0000000085800000|  0%| F|  |TAMS 0x0000000085700000, 0x0000000085700000| Untracked 
|  88|0x0000000085800000, 0x0000000085800000, 0x0000000085900000|  0%| F|  |TAMS 0x0000000085800000, 0x0000000085800000| Untracked 
|  89|0x0000000085900000, 0x0000000085900000, 0x0000000085a00000|  0%| F|  |TAMS 0x0000000085900000, 0x0000000085900000| Untracked 
|  90|0x0000000085a00000, 0x0000000085a00000, 0x0000000085b00000|  0%| F|  |TAMS 0x0000000085a00000, 0x0000000085a00000| Untracked 
|  91|0x0000000085b00000, 0x0000000085b00000, 0x0000000085c00000|  0%| F|  |TAMS 0x0000000085b00000, 0x0000000085b00000| Untracked 
|  92|0x0000000085c00000, 0x0000000085c00000, 0x0000000085d00000|  0%| F|  |TAMS 0x0000000085c00000, 0x0000000085c00000| Untracked 
|  93|0x0000000085d00000, 0x0000000085d00000, 0x0000000085e00000|  0%| F|  |TAMS 0x0000000085d00000, 0x0000000085d00000| Untracked 
|  94|0x0000000085e00000, 0x0000000085e00000, 0x0000000085f00000|  0%| F|  |TAMS 0x0000000085e00000, 0x0000000085e00000| Untracked 
|  95|0x0000000085f00000, 0x0000000085f00000, 0x0000000086000000|  0%| F|  |TAMS 0x0000000085f00000, 0x0000000085f00000| Untracked 
|  96|0x0000000086000000, 0x0000000086000000, 0x0000000086100000|  0%| F|  |TAMS 0x0000000086000000, 0x0000000086000000| Untracked 
|  97|0x0000000086100000, 0x0000000086100000, 0x0000000086200000|  0%| F|  |TAMS 0x0000000086100000, 0x0000000086100000| Untracked 
|  98|0x0000000086200000, 0x0000000086200000, 0x0000000086300000|  0%| F|  |TAMS 0x0000000086200000, 0x0000000086200000| Untracked 
|  99|0x0000000086300000, 0x0000000086300000, 0x0000000086400000|  0%| F|  |TAMS 0x0000000086300000, 0x0000000086300000| Untracked 
| 100|0x0000000086400000, 0x0000000086400000, 0x0000000086500000|  0%| F|  |TAMS 0x0000000086400000, 0x0000000086400000| Untracked 
| 101|0x0000000086500000, 0x0000000086500000, 0x0000000086600000|  0%| F|  |TAMS 0x0000000086500000, 0x0000000086500000| Untracked 
| 102|0x0000000086600000, 0x0000000086600000, 0x0000000086700000|  0%| F|  |TAMS 0x0000000086600000, 0x0000000086600000| Untracked 
| 103|0x0000000086700000, 0x0000000086700000, 0x0000000086800000|  0%| F|  |TAMS 0x0000000086700000, 0x0000000086700000| Untracked 
| 104|0x0000000086800000, 0x0000000086800000, 0x0000000086900000|  0%| F|  |TAMS 0x0000000086800000, 0x0000000086800000| Untracked 
| 105|0x0000000086900000, 0x0000000086900000, 0x0000000086a00000|  0%| F|  |TAMS 0x0000000086900000, 0x0000000086900000| Untracked 
| 106|0x0000000086a00000, 0x0000000086a00000, 0x0000000086b00000|  0%| F|  |TAMS 0x0000000086a00000, 0x0000000086a00000| Untracked 
| 107|0x0000000086b00000, 0x0000000086b00000, 0x0000000086c00000|  0%| F|  |TAMS 0x0000000086b00000, 0x0000000086b00000| Untracked 
| 108|0x0000000086c00000, 0x0000000086c00000, 0x0000000086d00000|  0%| F|  |TAMS 0x0000000086c00000, 0x0000000086c00000| Untracked 
| 109|0x0000000086d00000, 0x0000000086d00000, 0x0000000086e00000|  0%| F|  |TAMS 0x0000000086d00000, 0x0000000086d00000| Untracked 
| 110|0x0000000086e00000, 0x0000000086e00000, 0x0000000086f00000|  0%| F|  |TAMS 0x0000000086e00000, 0x0000000086e00000| Untracked 
| 111|0x0000000086f00000, 0x0000000086f00000, 0x0000000087000000|  0%| F|  |TAMS 0x0000000086f00000, 0x0000000086f00000| Untracked 
| 112|0x0000000087000000, 0x0000000087000000, 0x0000000087100000|  0%| F|  |TAMS 0x0000000087000000, 0x0000000087000000| Untracked 
| 113|0x0000000087100000, 0x0000000087100000, 0x0000000087200000|  0%| F|  |TAMS 0x0000000087100000, 0x0000000087100000| Untracked 
| 114|0x0000000087200000, 0x0000000087200000, 0x0000000087300000|  0%| F|  |TAMS 0x0000000087200000, 0x0000000087200000| Untracked 
| 115|0x0000000087300000, 0x0000000087300000, 0x0000000087400000|  0%| F|  |TAMS 0x0000000087300000, 0x0000000087300000| Untracked 
| 116|0x0000000087400000, 0x0000000087400000, 0x0000000087500000|  0%| F|  |TAMS 0x0000000087400000, 0x0000000087400000| Untracked 
| 117|0x0000000087500000, 0x0000000087500000, 0x0000000087600000|  0%| F|  |TAMS 0x0000000087500000, 0x0000000087500000| Untracked 
| 118|0x0000000087600000, 0x0000000087600000, 0x0000000087700000|  0%| F|  |TAMS 0x0000000087600000, 0x0000000087600000| Untracked 
| 119|0x0000000087700000, 0x0000000087700000, 0x0000000087800000|  0%| F|  |TAMS 0x0000000087700000, 0x0000000087700000| Untracked 
| 120|0x0000000087800000, 0x0000000087800000, 0x0000000087900000|  0%| F|  |TAMS 0x0000000087800000, 0x0000000087800000| Untracked 
| 121|0x0000000087900000, 0x0000000087900000, 0x0000000087a00000|  0%| F|  |TAMS 0x0000000087900000, 0x0000000087900000| Untracked 
| 122|0x0000000087a00000, 0x0000000087a00000, 0x0000000087b00000|  0%| F|  |TAMS 0x0000000087a00000, 0x0000000087a00000| Untracked 
| 123|0x0000000087b00000, 0x0000000087b00000, 0x0000000087c00000|  0%| F|  |TAMS 0x0000000087b00000, 0x0000000087b00000| Untracked 
| 124|0x0000000087c00000, 0x0000000087c00000, 0x0000000087d00000|  0%| F|  |TAMS 0x0000000087c00000, 0x0000000087c00000| Untracked 
| 125|0x0000000087d00000, 0x0000000087d00000, 0x0000000087e00000|  0%| F|  |TAMS 0x0000000087d00000, 0x0000000087d00000| Untracked 
| 126|0x0000000087e00000, 0x0000000087e00000, 0x0000000087f00000|  0%| F|  |TAMS 0x0000000087e00000, 0x0000000087e00000| Untracked 
| 127|0x0000000087f00000, 0x0000000087f00000, 0x0000000088000000|  0%| F|  |TAMS 0x0000000087f00000, 0x0000000087f00000| Untracked 
| 128|0x0000000088000000, 0x0000000088000000, 0x0000000088100000|  0%| F|  |TAMS 0x0000000088000000, 0x0000000088000000| Untracked 
| 129|0x0000000088100000, 0x0000000088100000, 0x0000000088200000|  0%| F|  |TAMS 0x0000000088100000, 0x0000000088100000| Untracked 
| 130|0x0000000088200000, 0x0000000088200000, 0x0000000088300000|  0%| F|  |TAMS 0x0000000088200000, 0x0000000088200000| Untracked 
| 131|0x0000000088300000, 0x0000000088300000, 0x0000000088400000|  0%| F|  |TAMS 0x0000000088300000, 0x0000000088300000| Untracked 
| 132|0x0000000088400000, 0x0000000088400000, 0x0000000088500000|  0%| F|  |TAMS 0x0000000088400000, 0x0000000088400000| Untracked 
| 133|0x0000000088500000, 0x0000000088500000, 0x0000000088600000|  0%| F|  |TAMS 0x0000000088500000, 0x0000000088500000| Untracked 
| 134|0x0000000088600000, 0x0000000088600000, 0x0000000088700000|  0%| F|  |TAMS 0x0000000088600000, 0x0000000088600000| Untracked 
| 135|0x0000000088700000, 0x0000000088700000, 0x0000000088800000|  0%| F|  |TAMS 0x0000000088700000, 0x0000000088700000| Untracked 
| 136|0x0000000088800000, 0x0000000088800000, 0x0000000088900000|  0%| F|  |TAMS 0x0000000088800000, 0x0000000088800000| Untracked 
| 137|0x0000000088900000, 0x0000000088900000, 0x0000000088a00000|  0%| F|  |TAMS 0x0000000088900000, 0x0000000088900000| Untracked 
| 138|0x0000000088a00000, 0x0000000088a00000, 0x0000000088b00000|  0%| F|  |TAMS 0x0000000088a00000, 0x0000000088a00000| Untracked 
| 139|0x0000000088b00000, 0x0000000088b00000, 0x0000000088c00000|  0%| F|  |TAMS 0x0000000088b00000, 0x0000000088b00000| Untracked 
| 140|0x0000000088c00000, 0x0000000088c00000, 0x0000000088d00000|  0%| F|  |TAMS 0x0000000088c00000, 0x0000000088c00000| Untracked 
| 141|0x0000000088d00000, 0x0000000088d00000, 0x0000000088e00000|  0%| F|  |TAMS 0x0000000088d00000, 0x0000000088d00000| Untracked 
| 142|0x0000000088e00000, 0x0000000088e00000, 0x0000000088f00000|  0%| F|  |TAMS 0x0000000088e00000, 0x0000000088e00000| Untracked 
| 143|0x0000000088f00000, 0x0000000088f00000, 0x0000000089000000|  0%| F|  |TAMS 0x0000000088f00000, 0x0000000088f00000| Untracked 
| 144|0x0000000089000000, 0x0000000089000000, 0x0000000089100000|  0%| F|  |TAMS 0x0000000089000000, 0x0000000089000000| Untracked 
| 145|0x0000000089100000, 0x0000000089100000, 0x0000000089200000|  0%| F|  |TAMS 0x0000000089100000, 0x0000000089100000| Untracked 
| 146|0x0000000089200000, 0x0000000089200000, 0x0000000089300000|  0%| F|  |TAMS 0x0000000089200000, 0x0000000089200000| Untracked 
| 147|0x0000000089300000, 0x0000000089300000, 0x0000000089400000|  0%| F|  |TAMS 0x0000000089300000, 0x0000000089300000| Untracked 
| 148|0x0000000089400000, 0x0000000089400000, 0x0000000089500000|  0%| F|  |TAMS 0x0000000089400000, 0x0000000089400000| Untracked 
| 149|0x0000000089500000, 0x0000000089500000, 0x0000000089600000|  0%| F|  |TAMS 0x0000000089500000, 0x0000000089500000| Untracked 
| 150|0x0000000089600000, 0x0000000089600000, 0x0000000089700000|  0%| F|  |TAMS 0x0000000089600000, 0x0000000089600000| Untracked 
| 151|0x0000000089700000, 0x0000000089700000, 0x0000000089800000|  0%| F|  |TAMS 0x0000000089700000, 0x0000000089700000| Untracked 
| 152|0x0000000089800000, 0x0000000089800000, 0x0000000089900000|  0%| F|  |TAMS 0x0000000089800000, 0x0000000089800000| Untracked 
| 153|0x0000000089900000, 0x0000000089900000, 0x0000000089a00000|  0%| F|  |TAMS 0x0000000089900000, 0x0000000089900000| Untracked 
| 154|0x0000000089a00000, 0x0000000089a00000, 0x0000000089b00000|  0%| F|  |TAMS 0x0000000089a00000, 0x0000000089a00000| Untracked 
| 155|0x0000000089b00000, 0x0000000089b00000, 0x0000000089c00000|  0%| F|  |TAMS 0x0000000089b00000, 0x0000000089b00000| Untracked 
| 156|0x0000000089c00000, 0x0000000089c00000, 0x0000000089d00000|  0%| F|  |TAMS 0x0000000089c00000, 0x0000000089c00000| Untracked 
| 157|0x0000000089d00000, 0x0000000089d00000, 0x0000000089e00000|  0%| F|  |TAMS 0x0000000089d00000, 0x0000000089d00000| Untracked 
| 158|0x0000000089e00000, 0x0000000089e00000, 0x0000000089f00000|  0%| F|  |TAMS 0x0000000089e00000, 0x0000000089e00000| Untracked 
| 159|0x0000000089f00000, 0x0000000089f00000, 0x000000008a000000|  0%| F|  |TAMS 0x0000000089f00000, 0x0000000089f00000| Untracked 
| 160|0x000000008a000000, 0x000000008a000000, 0x000000008a100000|  0%| F|  |TAMS 0x000000008a000000, 0x000000008a000000| Untracked 
| 161|0x000000008a100000, 0x000000008a100000, 0x000000008a200000|  0%| F|  |TAMS 0x000000008a100000, 0x000000008a100000| Untracked 
| 162|0x000000008a200000, 0x000000008a200000, 0x000000008a300000|  0%| F|  |TAMS 0x000000008a200000, 0x000000008a200000| Untracked 
| 163|0x000000008a300000, 0x000000008a300000, 0x000000008a400000|  0%| F|  |TAMS 0x000000008a300000, 0x000000008a300000| Untracked 
| 164|0x000000008a400000, 0x000000008a400000, 0x000000008a500000|  0%| F|  |TAMS 0x000000008a400000, 0x000000008a400000| Untracked 
| 165|0x000000008a500000, 0x000000008a500000, 0x000000008a600000|  0%| F|  |TAMS 0x000000008a500000, 0x000000008a500000| Untracked 
| 166|0x000000008a600000, 0x000000008a600000, 0x000000008a700000|  0%| F|  |TAMS 0x000000008a600000, 0x000000008a600000| Untracked 
| 167|0x000000008a700000, 0x000000008a700000, 0x000000008a800000|  0%| F|  |TAMS 0x000000008a700000, 0x000000008a700000| Untracked 
| 168|0x000000008a800000, 0x000000008a800000, 0x000000008a900000|  0%| F|  |TAMS 0x000000008a800000, 0x000000008a800000| Untracked 
| 169|0x000000008a900000, 0x000000008a900000, 0x000000008aa00000|  0%| F|  |TAMS 0x000000008a900000, 0x000000008a900000| Untracked 
| 170|0x000000008aa00000, 0x000000008aa00000, 0x000000008ab00000|  0%| F|  |TAMS 0x000000008aa00000, 0x000000008aa00000| Untracked 
| 171|0x000000008ab00000, 0x000000008ab00000, 0x000000008ac00000|  0%| F|  |TAMS 0x000000008ab00000, 0x000000008ab00000| Untracked 
| 172|0x000000008ac00000, 0x000000008ac00000, 0x000000008ad00000|  0%| F|  |TAMS 0x000000008ac00000, 0x000000008ac00000| Untracked 
| 173|0x000000008ad00000, 0x000000008ad00000, 0x000000008ae00000|  0%| F|  |TAMS 0x000000008ad00000, 0x000000008ad00000| Untracked 
| 174|0x000000008ae00000, 0x000000008ae00000, 0x000000008af00000|  0%| F|  |TAMS 0x000000008ae00000, 0x000000008ae00000| Untracked 
| 175|0x000000008af00000, 0x000000008af00000, 0x000000008b000000|  0%| F|  |TAMS 0x000000008af00000, 0x000000008af00000| Untracked 
| 176|0x000000008b000000, 0x000000008b000000, 0x000000008b100000|  0%| F|  |TAMS 0x000000008b000000, 0x000000008b000000| Untracked 
| 177|0x000000008b100000, 0x000000008b100000, 0x000000008b200000|  0%| F|  |TAMS 0x000000008b100000, 0x000000008b100000| Untracked 
| 178|0x000000008b200000, 0x000000008b200000, 0x000000008b300000|  0%| F|  |TAMS 0x000000008b200000, 0x000000008b200000| Untracked 
| 179|0x000000008b300000, 0x000000008b300000, 0x000000008b400000|  0%| F|  |TAMS 0x000000008b300000, 0x000000008b300000| Untracked 
| 180|0x000000008b400000, 0x000000008b400000, 0x000000008b500000|  0%| F|  |TAMS 0x000000008b400000, 0x000000008b400000| Untracked 
| 181|0x000000008b500000, 0x000000008b500000, 0x000000008b600000|  0%| F|  |TAMS 0x000000008b500000, 0x000000008b500000| Untracked 
| 182|0x000000008b600000, 0x000000008b600000, 0x000000008b700000|  0%| F|  |TAMS 0x000000008b600000, 0x000000008b600000| Untracked 
| 183|0x000000008b700000, 0x000000008b7488b8, 0x000000008b800000| 28%| S|CS|TAMS 0x000000008b700000, 0x000000008b700000| Complete 
| 184|0x000000008b800000, 0x000000008b900000, 0x000000008b900000|100%| S|CS|TAMS 0x000000008b800000, 0x000000008b800000| Complete 
| 185|0x000000008b900000, 0x000000008ba00000, 0x000000008ba00000|100%| S|CS|TAMS 0x000000008b900000, 0x000000008b900000| Complete 
| 186|0x000000008ba00000, 0x000000008bb00000, 0x000000008bb00000|100%| S|CS|TAMS 0x000000008ba00000, 0x000000008ba00000| Complete 
| 187|0x000000008bb00000, 0x000000008bb00000, 0x000000008bc00000|  0%| F|  |TAMS 0x000000008bb00000, 0x000000008bb00000| Untracked 
| 188|0x000000008bc00000, 0x000000008bc00000, 0x000000008bd00000|  0%| F|  |TAMS 0x000000008bc00000, 0x000000008bc00000| Untracked 
| 189|0x000000008bd00000, 0x000000008bd00000, 0x000000008be00000|  0%| F|  |TAMS 0x000000008bd00000, 0x000000008bd00000| Untracked 
| 190|0x000000008be00000, 0x000000008be00000, 0x000000008bf00000|  0%| F|  |TAMS 0x000000008be00000, 0x000000008be00000| Untracked 
| 191|0x000000008bf00000, 0x000000008bf00000, 0x000000008c000000|  0%| F|  |TAMS 0x000000008bf00000, 0x000000008bf00000| Untracked 
| 192|0x000000008c000000, 0x000000008c000000, 0x000000008c100000|  0%| F|  |TAMS 0x000000008c000000, 0x000000008c000000| Untracked 
| 193|0x000000008c100000, 0x000000008c100000, 0x000000008c200000|  0%| F|  |TAMS 0x000000008c100000, 0x000000008c100000| Untracked 
| 194|0x000000008c200000, 0x000000008c200000, 0x000000008c300000|  0%| F|  |TAMS 0x000000008c200000, 0x000000008c200000| Untracked 
| 195|0x000000008c300000, 0x000000008c300000, 0x000000008c400000|  0%| F|  |TAMS 0x000000008c300000, 0x000000008c300000| Untracked 
| 196|0x000000008c400000, 0x000000008c400000, 0x000000008c500000|  0%| F|  |TAMS 0x000000008c400000, 0x000000008c400000| Untracked 
| 197|0x000000008c500000, 0x000000008c500000, 0x000000008c600000|  0%| F|  |TAMS 0x000000008c500000, 0x000000008c500000| Untracked 
| 198|0x000000008c600000, 0x000000008c600000, 0x000000008c700000|  0%| F|  |TAMS 0x000000008c600000, 0x000000008c600000| Untracked 
| 199|0x000000008c700000, 0x000000008c700000, 0x000000008c800000|  0%| F|  |TAMS 0x000000008c700000, 0x000000008c700000| Untracked 
| 200|0x000000008c800000, 0x000000008c800000, 0x000000008c900000|  0%| F|  |TAMS 0x000000008c800000, 0x000000008c800000| Untracked 
| 201|0x000000008c900000, 0x000000008c900000, 0x000000008ca00000|  0%| F|  |TAMS 0x000000008c900000, 0x000000008c900000| Untracked 
| 202|0x000000008ca00000, 0x000000008ca00000, 0x000000008cb00000|  0%| F|  |TAMS 0x000000008ca00000, 0x000000008ca00000| Untracked 
| 203|0x000000008cb00000, 0x000000008cb00000, 0x000000008cc00000|  0%| F|  |TAMS 0x000000008cb00000, 0x000000008cb00000| Untracked 
| 204|0x000000008cc00000, 0x000000008cc00000, 0x000000008cd00000|  0%| F|  |TAMS 0x000000008cc00000, 0x000000008cc00000| Untracked 
| 205|0x000000008cd00000, 0x000000008cd00000, 0x000000008ce00000|  0%| F|  |TAMS 0x000000008cd00000, 0x000000008cd00000| Untracked 
| 206|0x000000008ce00000, 0x000000008ce00000, 0x000000008cf00000|  0%| F|  |TAMS 0x000000008ce00000, 0x000000008ce00000| Untracked 
| 207|0x000000008cf00000, 0x000000008cf00000, 0x000000008d000000|  0%| F|  |TAMS 0x000000008cf00000, 0x000000008cf00000| Untracked 
| 208|0x000000008d000000, 0x000000008d000000, 0x000000008d100000|  0%| F|  |TAMS 0x000000008d000000, 0x000000008d000000| Untracked 
| 209|0x000000008d100000, 0x000000008d100000, 0x000000008d200000|  0%| F|  |TAMS 0x000000008d100000, 0x000000008d100000| Untracked 
| 210|0x000000008d200000, 0x000000008d200000, 0x000000008d300000|  0%| F|  |TAMS 0x000000008d200000, 0x000000008d200000| Untracked 
| 211|0x000000008d300000, 0x000000008d300000, 0x000000008d400000|  0%| F|  |TAMS 0x000000008d300000, 0x000000008d300000| Untracked 
| 212|0x000000008d400000, 0x000000008d400000, 0x000000008d500000|  0%| F|  |TAMS 0x000000008d400000, 0x000000008d400000| Untracked 
| 213|0x000000008d500000, 0x000000008d500000, 0x000000008d600000|  0%| F|  |TAMS 0x000000008d500000, 0x000000008d500000| Untracked 
| 214|0x000000008d600000, 0x000000008d600000, 0x000000008d700000|  0%| F|  |TAMS 0x000000008d600000, 0x000000008d600000| Untracked 
| 215|0x000000008d700000, 0x000000008d700000, 0x000000008d800000|  0%| F|  |TAMS 0x000000008d700000, 0x000000008d700000| Untracked 
| 216|0x000000008d800000, 0x000000008d800000, 0x000000008d900000|  0%| F|  |TAMS 0x000000008d800000, 0x000000008d800000| Untracked 
| 217|0x000000008d900000, 0x000000008d900000, 0x000000008da00000|  0%| F|  |TAMS 0x000000008d900000, 0x000000008d900000| Untracked 
| 218|0x000000008da00000, 0x000000008da00000, 0x000000008db00000|  0%| F|  |TAMS 0x000000008da00000, 0x000000008da00000| Untracked 
| 219|0x000000008db00000, 0x000000008db00000, 0x000000008dc00000|  0%| F|  |TAMS 0x000000008db00000, 0x000000008db00000| Untracked 
| 220|0x000000008dc00000, 0x000000008dc00000, 0x000000008dd00000|  0%| F|  |TAMS 0x000000008dc00000, 0x000000008dc00000| Untracked 
| 221|0x000000008dd00000, 0x000000008dd00000, 0x000000008de00000|  0%| F|  |TAMS 0x000000008dd00000, 0x000000008dd00000| Untracked 
| 222|0x000000008de00000, 0x000000008de00000, 0x000000008df00000|  0%| F|  |TAMS 0x000000008de00000, 0x000000008de00000| Untracked 
| 223|0x000000008df00000, 0x000000008df00000, 0x000000008e000000|  0%| F|  |TAMS 0x000000008df00000, 0x000000008df00000| Untracked 
| 224|0x000000008e000000, 0x000000008e000000, 0x000000008e100000|  0%| F|  |TAMS 0x000000008e000000, 0x000000008e000000| Untracked 
| 225|0x000000008e100000, 0x000000008e100000, 0x000000008e200000|  0%| F|  |TAMS 0x000000008e100000, 0x000000008e100000| Untracked 
| 226|0x000000008e200000, 0x000000008e200000, 0x000000008e300000|  0%| F|  |TAMS 0x000000008e200000, 0x000000008e200000| Untracked 
| 227|0x000000008e300000, 0x000000008e300000, 0x000000008e400000|  0%| F|  |TAMS 0x000000008e300000, 0x000000008e300000| Untracked 
| 228|0x000000008e400000, 0x000000008e400000, 0x000000008e500000|  0%| F|  |TAMS 0x000000008e400000, 0x000000008e400000| Untracked 
| 229|0x000000008e500000, 0x000000008e500000, 0x000000008e600000|  0%| F|  |TAMS 0x000000008e500000, 0x000000008e500000| Untracked 
| 230|0x000000008e600000, 0x000000008e600000, 0x000000008e700000|  0%| F|  |TAMS 0x000000008e600000, 0x000000008e600000| Untracked 
| 231|0x000000008e700000, 0x000000008e700000, 0x000000008e800000|  0%| F|  |TAMS 0x000000008e700000, 0x000000008e700000| Untracked 
| 232|0x000000008e800000, 0x000000008e800000, 0x000000008e900000|  0%| F|  |TAMS 0x000000008e800000, 0x000000008e800000| Untracked 
| 233|0x000000008e900000, 0x000000008e900000, 0x000000008ea00000|  0%| F|  |TAMS 0x000000008e900000, 0x000000008e900000| Untracked 
| 234|0x000000008ea00000, 0x000000008ea00000, 0x000000008eb00000|  0%| F|  |TAMS 0x000000008ea00000, 0x000000008ea00000| Untracked 
| 235|0x000000008eb00000, 0x000000008eb00000, 0x000000008ec00000|  0%| F|  |TAMS 0x000000008eb00000, 0x000000008eb00000| Untracked 
| 236|0x000000008ec00000, 0x000000008ec00000, 0x000000008ed00000|  0%| F|  |TAMS 0x000000008ec00000, 0x000000008ec00000| Untracked 
| 237|0x000000008ed00000, 0x000000008ed00000, 0x000000008ee00000|  0%| F|  |TAMS 0x000000008ed00000, 0x000000008ed00000| Untracked 
| 238|0x000000008ee00000, 0x000000008ee00000, 0x000000008ef00000|  0%| F|  |TAMS 0x000000008ee00000, 0x000000008ee00000| Untracked 
| 239|0x000000008ef00000, 0x000000008ef00000, 0x000000008f000000|  0%| F|  |TAMS 0x000000008ef00000, 0x000000008ef00000| Untracked 
| 240|0x000000008f000000, 0x000000008f000000, 0x000000008f100000|  0%| F|  |TAMS 0x000000008f000000, 0x000000008f000000| Untracked 
| 241|0x000000008f100000, 0x000000008f100000, 0x000000008f200000|  0%| F|  |TAMS 0x000000008f100000, 0x000000008f100000| Untracked 
| 242|0x000000008f200000, 0x000000008f200000, 0x000000008f300000|  0%| F|  |TAMS 0x000000008f200000, 0x000000008f200000| Untracked 
| 243|0x000000008f300000, 0x000000008f300000, 0x000000008f400000|  0%| F|  |TAMS 0x000000008f300000, 0x000000008f300000| Untracked 
| 244|0x000000008f400000, 0x000000008f400000, 0x000000008f500000|  0%| F|  |TAMS 0x000000008f400000, 0x000000008f400000| Untracked 
| 245|0x000000008f500000, 0x000000008f500000, 0x000000008f600000|  0%| F|  |TAMS 0x000000008f500000, 0x000000008f500000| Untracked 
| 246|0x000000008f600000, 0x000000008f600000, 0x000000008f700000|  0%| F|  |TAMS 0x000000008f600000, 0x000000008f600000| Untracked 
| 247|0x000000008f700000, 0x000000008f700000, 0x000000008f800000|  0%| F|  |TAMS 0x000000008f700000, 0x000000008f700000| Untracked 
| 248|0x000000008f800000, 0x000000008f800000, 0x000000008f900000|  0%| F|  |TAMS 0x000000008f800000, 0x000000008f800000| Untracked 
| 249|0x000000008f900000, 0x000000008f900000, 0x000000008fa00000|  0%| F|  |TAMS 0x000000008f900000, 0x000000008f900000| Untracked 
| 250|0x000000008fa00000, 0x000000008fa00000, 0x000000008fb00000|  0%| F|  |TAMS 0x000000008fa00000, 0x000000008fa00000| Untracked 
| 251|0x000000008fb00000, 0x000000008fb80800, 0x000000008fc00000| 50%| E|  |TAMS 0x000000008fb00000, 0x000000008fb00000| Complete 
| 252|0x000000008fc00000, 0x000000008fd00000, 0x000000008fd00000|100%| E|CS|TAMS 0x000000008fc00000, 0x000000008fc00000| Complete 
| 253|0x000000008fd00000, 0x000000008fe00000, 0x000000008fe00000|100%| E|CS|TAMS 0x000000008fd00000, 0x000000008fd00000| Complete 

Card table byte_map: [0x000001bbde110000,0x000001bbde510000] _byte_map_base: 0x000001bbddd10000

Marking Bits (Prev, Next): (CMBitMap*) 0x000001bbcaf1cc68, (CMBitMap*) 0x000001bbcaf1cca0
 Prev Bits: [0x000001bbde910000, 0x000001bbe0910000)
 Next Bits: [0x000001bbe0910000, 0x000001bbe2910000)

Polling page: 0x000001bbc8e70000

Metaspace:

Usage:
  Non-class:     25.75 MB capacity,    25.33 MB ( 98%) used,   371.04 KB (  1%) free+waste,    61.19 KB ( <1%) overhead. 
      Class:      4.18 MB capacity,     3.92 MB ( 94%) used,   238.29 KB (  6%) free+waste,    31.00 KB ( <1%) overhead. 
       Both:     29.93 MB capacity,    29.24 MB ( 98%) used,   609.33 KB (  2%) free+waste,    92.19 KB ( <1%) overhead. 

Virtual space:
  Non-class space:       34.00 MB reserved,      25.75 MB ( 76%) committed 
      Class space:        1.00 GB reserved,       4.25 MB ( <1%) committed 
             Both:        1.03 GB reserved,      30.00 MB (  3%) committed 

Chunk freelists:
   Non-Class:  0 bytes
       Class:  8.00 KB
        Both:  8.00 KB

MaxMetaspaceSize: 17179869184.00 GB
CompressedClassSpaceSize: 1.00 GB

CodeHeap 'non-profiled nmethods': size=120000Kb used=1312Kb max_used=1312Kb free=118687Kb
 bounds [0x000001bbd64b0000, 0x000001bbd6720000, 0x000001bbdd9e0000]
CodeHeap 'profiled nmethods': size=120000Kb used=5538Kb max_used=5538Kb free=114461Kb
 bounds [0x000001bbcef80000, 0x000001bbcf4f0000, 0x000001bbd64b0000]
CodeHeap 'non-nmethods': size=5760Kb used=1167Kb max_used=1199Kb free=4593Kb
 bounds [0x000001bbce9e0000, 0x000001bbcec50000, 0x000001bbcef80000]
 total_blobs=3083 nmethods=2575 adapters=419
 compilation: enabled
              stopped_count=0, restarted_count=0
 full_count=0

Compilation events (20 events):
Event: 4.017 Thread 0x000001bbe5c3b800 2490       3       java.lang.Class::getGenericInterfaces (21 bytes)
Event: 4.017 Thread 0x000001bbe809b800 2494       4       org.gradle.internal.reflect.PropertyAccessorType::of (95 bytes)
Event: 4.018 Thread 0x000001bbe5c2f000 nmethod 2492 0x000001bbd65f3610 code [0x000001bbd65f37a0, 0x000001bbd65f38d8]
Event: 4.018 Thread 0x000001bbe5c2f000 2498       4       java.util.regex.Pattern$$Lambda$17/0x0000000100092c40::is (9 bytes)
Event: 4.018 Thread 0x000001bbe5c3b800 nmethod 2490 0x000001bbcf4c4b90 code [0x000001bbcf4c4da0, 0x000001bbcf4c52d8]
Event: 4.018 Thread 0x000001bbe5c3b800 2500       3       org.objectweb.asm.Frame::merge (395 bytes)
Event: 4.018 Thread 0x000001bbe5c2f000 nmethod 2498 0x000001bbd65f3a10 code [0x000001bbd65f3ba0, 0x000001bbd65f3c18]
Event: 4.019 Thread 0x000001bbe5c3b800 nmethod 2500 0x000001bbcf4c5490 code [0x000001bbcf4c5760, 0x000001bbcf4c6598]
Event: 4.019 Thread 0x000001bbe5c3b800 2501       3       org.objectweb.asm.Frame::setInputFrameFromDescriptor (175 bytes)
Event: 4.020 Thread 0x000001bbe5c3b800 nmethod 2501 0x000001bbcf4c6c10 code [0x000001bbcf4c6e40, 0x000001bbcf4c7618]
Event: 4.020 Thread 0x000001bbe5c3b800 2499       3       org.objectweb.asm.Type::getInternalName (12 bytes)
Event: 4.020 Thread 0x000001bbe5c3b800 nmethod 2499 0x000001bbcf4c7a10 code [0x000001bbcf4c7be0, 0x000001bbcf4c7df8]
Event: 4.020 Thread 0x000001bbe5c3b800 2495       3       org.gradle.internal.instantiation.generator.AbstractClassGenerator$PropertyMetadata::getType (34 bytes)
Event: 4.021 Thread 0x000001bbe5c3b800 nmethod 2495 0x000001bbcf4c7f10 code [0x000001bbcf4c8120, 0x000001bbcf4c86f8]
Event: 4.021 Thread 0x000001bbe5c3b800 2491       1       org.gradle.internal.reflect.MutablePropertyDetails::getBackingField (5 bytes)
Event: 4.021 Thread 0x000001bbe5c3b800 nmethod 2491 0x000001bbd65f3c90 code [0x000001bbd65f3e40, 0x000001bbd65f3ef8]
Event: 4.021 Thread 0x000001bbe5c3b800 2496       1       com.google.common.collect.LinkedHashMultimap$ValueEntry::setSuccessorInMultimap (6 bytes)
Event: 4.021 Thread 0x000001bbe5c3b800 nmethod 2496 0x000001bbd65f3f90 code [0x000001bbd65f4140, 0x000001bbd65f4238]
Event: 4.021 Thread 0x000001bbe5c3b800 2497       1       com.google.common.collect.LinkedHashMultimap$ValueEntry::setPredecessorInMultimap (6 bytes)
Event: 4.021 Thread 0x000001bbe5c3b800 nmethod 2497 0x000001bbd65f4290 code [0x000001bbd65f4440, 0x000001bbd65f4538]

GC Heap History (7 events):
Event: 0.711 GC heap before
{Heap before GC invocations=0 (full 0):
 garbage-first heap   total 260096K, used 29696K [0x0000000080000000, 0x0000000100000000)
  region size 1024K, 24 young (24576K), 0 survivors (0K)
 Metaspace       used 10223K, capacity 10424K, committed 10624K, reserved 1058816K
  class space    used 1070K, capacity 1140K, committed 1152K, reserved 1048576K
}
Event: 0.716 GC heap after
{Heap after GC invocations=1 (full 0):
 garbage-first heap   total 260096K, used 9267K [0x0000000080000000, 0x0000000100000000)
  region size 1024K, 3 young (3072K), 3 survivors (3072K)
 Metaspace       used 10223K, capacity 10424K, committed 10624K, reserved 1058816K
  class space    used 1070K, capacity 1140K, committed 1152K, reserved 1048576K
}
Event: 2.816 GC heap before
{Heap before GC invocations=1 (full 0):
 garbage-first heap   total 260096K, used 108595K [0x0000000080000000, 0x0000000100000000)
  region size 1024K, 101 young (103424K), 3 survivors (3072K)
 Metaspace       used 20691K, capacity 21078K, committed 21248K, reserved 1067008K
  class space    used 2541K, capacity 2694K, committed 2816K, reserved 1048576K
}
Event: 2.826 GC heap after
{Heap after GC invocations=2 (full 0):
 garbage-first heap   total 260096K, used 16802K [0x0000000080000000, 0x0000000100000000)
  region size 1024K, 11 young (11264K), 11 survivors (11264K)
 Metaspace       used 20691K, capacity 21078K, committed 21248K, reserved 1067008K
  class space    used 2541K, capacity 2694K, committed 2816K, reserved 1048576K
}
Event: 3.149 GC heap before
{Heap before GC invocations=3 (full 0):
 garbage-first heap   total 260096K, used 43426K [0x0000000080000000, 0x0000000100000000)
  region size 1024K, 37 young (37888K), 11 survivors (11264K)
 Metaspace       used 23278K, capacity 23771K, committed 23936K, reserved 1071104K
  class space    used 2969K, capacity 3148K, committed 3200K, reserved 1048576K
}
Event: 3.156 GC heap after
{Heap after GC invocations=4 (full 0):
 garbage-first heap   total 260096K, used 17719K [0x0000000080000000, 0x0000000100000000)
  region size 1024K, 2 young (2048K), 2 survivors (2048K)
 Metaspace       used 23278K, capacity 23771K, committed 23936K, reserved 1071104K
  class space    used 2969K, capacity 3148K, committed 3200K, reserved 1048576K
}
Event: 4.022 GC heap before
{Heap before GC invocations=4 (full 0):
 garbage-first heap   total 260096K, used 83255K [0x0000000080000000, 0x0000000100000000)
  region size 1024K, 67 young (68608K), 2 survivors (2048K)
 Metaspace       used 29703K, capacity 30300K, committed 30336K, reserved 1081344K
  class space    used 3976K, capacity 4204K, committed 4224K, reserved 1048576K
}

Deoptimization events (20 events):
Event: 3.474 Thread 0x000001bbe809d000 Uncommon trap: trap_request=0xffffffde fr.pc=0x000001bbd65b75dc relative=0x000000000000031c
Event: 3.474 Thread 0x000001bbe809d000 Uncommon trap: reason=class_check action=maybe_recompile pc=0x000001bbd65b75dc method=java.util.Collections$SetFromMap.remove(Ljava/lang/Object;)Z @ 5 c2
Event: 3.474 Thread 0x000001bbe809d000 DEOPT PACKING pc=0x000001bbd65b75dc sp=0x000000191defc330
Event: 3.474 Thread 0x000001bbe809d000 DEOPT UNPACKING pc=0x000001bbcea0662f sp=0x000000191defc318 mode 2
Event: 3.492 Thread 0x000001bbe809d000 Uncommon trap: trap_request=0xffffff4d fr.pc=0x000001bbd64d3e68 relative=0x0000000000000048
Event: 3.492 Thread 0x000001bbe809d000 Uncommon trap: reason=unstable_if action=reinterpret pc=0x000001bbd64d3e68 method=java.net.URI.match(CJJ)Z @ 19 c2
Event: 3.492 Thread 0x000001bbe809d000 DEOPT PACKING pc=0x000001bbd64d3e68 sp=0x000000191defaa70
Event: 3.492 Thread 0x000001bbe809d000 DEOPT UNPACKING pc=0x000001bbcea0662f sp=0x000000191defa9f8 mode 2
Event: 3.492 Thread 0x000001bbe809d000 Uncommon trap: trap_request=0xffffff4d fr.pc=0x000001bbd64fd764 relative=0x00000000000001a4
Event: 3.492 Thread 0x000001bbe809d000 Uncommon trap: reason=unstable_if action=reinterpret pc=0x000001bbd64fd764 method=java.net.URI.match(CJJ)Z @ 19 c2
Event: 3.492 Thread 0x000001bbe809d000 DEOPT PACKING pc=0x000001bbd64fd764 sp=0x000000191defa9d0
Event: 3.492 Thread 0x000001bbe809d000 DEOPT UNPACKING pc=0x000001bbcea0662f sp=0x000000191defa8d0 mode 2
Event: 3.706 Thread 0x000001bbe809d000 Uncommon trap: trap_request=0xffffff4d fr.pc=0x000001bbd65896cc relative=0x000000000000020c
Event: 3.706 Thread 0x000001bbe809d000 Uncommon trap: reason=unstable_if action=reinterpret pc=0x000001bbd65896cc method=java.util.HashMap.hash(Ljava/lang/Object;)I @ 1 c2
Event: 3.706 Thread 0x000001bbe809d000 DEOPT PACKING pc=0x000001bbd65896cc sp=0x000000191def8d00
Event: 3.706 Thread 0x000001bbe809d000 DEOPT UNPACKING pc=0x000001bbcea0662f sp=0x000000191def8c38 mode 2
Event: 3.706 Thread 0x000001bbe809d000 Uncommon trap: trap_request=0xffffff4d fr.pc=0x000001bbd65509ac relative=0x000000000000008c
Event: 3.706 Thread 0x000001bbe809d000 Uncommon trap: reason=unstable_if action=reinterpret pc=0x000001bbd65509ac method=java.util.HashMap.hash(Ljava/lang/Object;)I @ 1 c2
Event: 3.706 Thread 0x000001bbe809d000 DEOPT PACKING pc=0x000001bbd65509ac sp=0x000000191def8a70
Event: 3.706 Thread 0x000001bbe809d000 DEOPT UNPACKING pc=0x000001bbcea0662f sp=0x000000191def8a08 mode 2

Classes redefined (0 events):
No events

Internal exceptions (20 events):
Event: 3.192 Thread 0x000001bbe809d000 Exception <a 'java/lang/NoSuchMethodError'{0x000000008fc59428}: 'java.lang.Object java.lang.invoke.Invokers$Holder.linkToTargetMethod(java.lang.Object, java.lang.Object, java.lang.Object, java.lang.Object, java.lang.Object, java.lang.Object)'> (0x000000008fc59428) thrown at [./src/hotspot/share/interpreter/linkResolver.cpp, line 773]
Event: 3.289 Thread 0x000001bbe809d000 Exception <a 'java/lang/NoSuchMethodError'{0x000000008f3872b8}: 'int java.lang.invoke.DirectMethodHandle$Holder.invokeStaticInit(java.lang.Object, java.lang.Object, java.lang.Object)'> (0x000000008f3872b8) thrown at [./src/hotspot/share/interpreter/linkResolver.cpp, line 773]
Event: 3.367 Thread 0x000001bbe809d000 Exception <a 'java/lang/NoSuchMethodError'{0x000000008eee2c78}: 'void java.lang.invoke.DirectMethodHandle$Holder.invokeStaticInit(java.lang.Object, java.lang.Object)'> (0x000000008eee2c78) thrown at [./src/hotspot/share/interpreter/linkResolver.cpp, line 773]
Event: 3.465 Thread 0x000001bbe809d000 Exception <a 'java/lang/NoSuchMethodError'{0x000000008e816020}: 'void java.lang.invoke.DirectMethodHandle$Holder.invokeStatic(java.lang.Object, java.lang.Object, java.lang.Object, java.lang.Object)'> (0x000000008e816020) thrown at [./src/hotspot/share/interpreter/linkResolver.cpp, line 773]
Event: 3.467 Thread 0x000001bbe809d000 Exception <a 'java/lang/NoSuchMethodError'{0x000000008e829b20}: 'int java.lang.invoke.DirectMethodHandle$Holder.invokeInterface(java.lang.Object, java.lang.Object)'> (0x000000008e829b20) thrown at [./src/hotspot/share/interpreter/linkResolver.cpp, line 773]
Event: 3.589 Thread 0x000001bbe809d000 Exception <a 'java/lang/NoSuchMethodError'{0x000000008db0c6a0}: 'java.lang.Object java.lang.invoke.DirectMethodHandle$Holder.invokeSpecialIFC(java.lang.Object, java.lang.Object, java.lang.Object, java.lang.Object)'> (0x000000008db0c6a0) thrown at [./src/hotspot/share/interpreter/linkResolver.cpp, line 773]
Event: 3.597 Thread 0x000001bbe809d000 Exception <a 'java/lang/NoSuchMethodError'{0x000000008dbed770}: 'java.lang.Object java.lang.invoke.DirectMethodHandle$Holder.invokeSpecial(java.lang.Object, java.lang.Object, java.lang.Object, java.lang.Object, java.lang.Object, java.lang.Object, java.lang.Object, java.lang.Object, java.lang.Object, java.lang.Object, java.lang.Object, java.lang.Object, java.lang.Object)'> (0x000000008dbed770) thrown at [./src/hotspot/share/interpreter/linkResolver.cpp, line 773]
Event: 3.598 Thread 0x000001bbe809d000 Exception <a 'java/lang/NoSuchMethodError'{0x000000008da01dd0}: 'java.lang.Object java.lang.invoke.DirectMethodHandle$Holder.invokeSpecial(java.lang.Object, java.lang.Object, java.lang.Object, java.lang.Object, java.lang.Object, java.lang.Object, java.lang.Object, java.lang.Object, java.lang.Object, java.lang.Object, java.lang.Object, java.lang.Object)'> (0x000000008da01dd0) thrown at [./src/hotspot/share/interpreter/linkResolver.cpp, line 773]
Event: 3.599 Thread 0x000001bbe809d000 Exception <a 'java/lang/NoSuchMethodError'{0x000000008da06ef8}: 'java.lang.Object java.lang.invoke.Invokers$Holder.linkToTargetMethod(java.lang.Object, java.lang.Object, java.lang.Object, java.lang.Object, java.lang.Object, java.lang.Object, java.lang.Object, java.lang.Object, java.lang.Object, java.lang.Object, java.lang.Object)'> (0x000000008da06ef8) thrown at [./src/hotspot/share/interpreter/linkResolver.cpp, line 773]
Event: 3.614 Thread 0x000001bbe809d000 Exception <a 'java/lang/NoSuchMethodError'{0x000000008d952750}: 'java.lang.Object java.lang.invoke.DirectMethodHandle$Holder.invokeSpecial(java.lang.Object, java.lang.Object, java.lang.Object, java.lang.Object, java.lang.Object, java.lang.Object, java.lang.Object, java.lang.Object, java.lang.Object, java.lang.Object, java.lang.Object, java.lang.Object, java.lang.Object, java.lang.Object)'> (0x000000008d952750) thrown at [./src/hotspot/share/interpreter/linkResolver.cpp, line 773]
Event: 3.615 Thread 0x000001bbe809d000 Exception <a 'java/lang/NoSuchMethodError'{0x000000008d963dc8}: 'java.lang.Object java.lang.invoke.Invokers$Holder.linkToTargetMethod(java.lang.Object, java.lang.Object, java.lang.Object, java.lang.Object, java.lang.Object, java.lang.Object, java.lang.Object, java.lang.Object, java.lang.Object, java.lang.Object, java.lang.Object, java.lang.Object)'> (0x000000008d963dc8) thrown at [./src/hotspot/share/interpreter/linkResolver.cpp, line 773]
Event: 3.621 Thread 0x000001bbe809d000 Exception <a 'java/lang/NoSuchMethodError'{0x000000008d9f91f8}: 'java.lang.Object java.lang.invoke.DirectMethodHandle$Holder.invokeStaticInit(java.lang.Object, java.lang.Object, java.lang.Object, java.lang.Object)'> (0x000000008d9f91f8) thrown at [./src/hotspot/share/interpreter/linkResolver.cpp, line 773]
Event: 3.706 Thread 0x000001bbe809d000 Implicit null exception at 0x000001bbd65894f5 to 0x000001bbd65896bc
Event: 3.706 Thread 0x000001bbe809d000 Implicit null exception at 0x000001bbd655092f to 0x000001bbd655099d
Event: 3.883 Thread 0x000001bbe809d000 Exception <a 'java/lang/NoSuchMethodError'{0x000000008c602568}: 'java.lang.Object java.lang.invoke.Invokers$Holder.linkToTargetMethod(java.lang.Object, java.lang.Object, java.lang.Object, java.lang.Object, java.lang.Object, java.lang.Object, java.lang.Object, java.lang.Object)'> (0x000000008c602568) thrown at [./src/hotspot/share/interpreter/linkResolver.cpp, line 773]
Event: 3.885 Thread 0x000001bbe809d000 Exception <a 'java/lang/NoSuchMethodError'{0x000000008c637298}: 'java.lang.Object java.lang.invoke.DirectMethodHandle$Holder.invokeVirtual(java.lang.Object, java.lang.Object, java.lang.Object)'> (0x000000008c637298) thrown at [./src/hotspot/share/interpreter/linkResolver.cpp, line 773]
Event: 3.898 Thread 0x000001bbe809d000 Exception <a 'java/lang/NoSuchMethodError'{0x000000008c512ef0}: 'java.lang.Object java.lang.invoke.Invokers$Holder.linkToTargetMethod(java.lang.Object, java.lang.Object, java.lang.Object, java.lang.Object, java.lang.Object, java.lang.Object, java.lang.Object)'> (0x000000008c512ef0) thrown at [./src/hotspot/share/interpreter/linkResolver.cpp, line 773]
Event: 3.901 Thread 0x000001bbe809d000 Exception <a 'java/lang/IncompatibleClassChangeError'{0x000000008c552dc8}: Found class java.lang.Object, but interface was expected> (0x000000008c552dc8) thrown at [./src/hotspot/share/interpreter/linkResolver.cpp, line 839]
Event: 3.938 Thread 0x000001bbe809d000 Exception <a 'java/lang/NoSuchMethodError'{0x000000008c2f8ff8}: 'int java.lang.invoke.DirectMethodHandle$Holder.invokeVirtual(java.lang.Object, java.lang.Object)'> (0x000000008c2f8ff8) thrown at [./src/hotspot/share/interpreter/linkResolver.cpp, line 773]
Event: 4.019 Thread 0x000001bbe809d000 Exception <a 'java/lang/OutOfMemoryError'{0x000000008bbb7058}> (0x000000008bbb7058) thrown at [./src/hotspot/share/prims/jni.cpp, line 636]

Events (20 events):
Event: 4.012 loading class org/gradle/api/artifacts/UnknownConfigurationException done
Event: 4.012 loading class org/gradle/api/internal/artifacts/configurations/DefaultConfiguration
Event: 4.012 loading class org/gradle/api/internal/artifacts/configurations/DefaultConfiguration done
Event: 4.014 loading class org/gradle/api/internal/artifacts/configurations/MutationValidator
Event: 4.014 loading class org/gradle/api/internal/artifacts/configurations/MutationValidator done
Event: 4.015 loading class org/gradle/api/internal/artifacts/ivyservice/moduleconverter/DefaultRootComponentMetadataBuilder
Event: 4.015 loading class org/gradle/api/internal/artifacts/ivyservice/moduleconverter/DefaultRootComponentMetadataBuilder done
Event: 4.019 loading class org/gradle/internal/logging/text/TreeFormatter
Event: 4.019 loading class org/gradle/internal/logging/text/TreeFormatter done
Event: 4.020 loading class org/gradle/internal/logging/text/TreeFormatter$Prefixer
Event: 4.020 loading class org/gradle/internal/logging/text/TreeFormatter$Prefixer done
Event: 4.020 loading class org/gradle/internal/logging/text/TreeFormatter$1
Event: 4.020 loading class org/gradle/internal/logging/text/TreeFormatter$1 done
Event: 4.021 loading class org/gradle/internal/logging/text/TreeFormatter$DefaultPrefixer
Event: 4.021 loading class org/gradle/internal/logging/text/TreeFormatter$DefaultPrefixer done
Event: 4.021 loading class org/gradle/internal/logging/text/TreeFormatter$Node
Event: 4.021 loading class org/gradle/internal/logging/text/TreeFormatter$Node done
Event: 4.021 loading class org/gradle/internal/logging/text/TreeFormatter$State
Event: 4.021 loading class org/gradle/internal/logging/text/TreeFormatter$State done
Event: 4.022 Executing VM operation: CollectForMetadataAllocation


Dynamic libraries:
0x00007ff7cd420000 - 0x00007ff7cd42a000 	C:\Program Files\Android\Android Studio\jre\bin\java.exe
0x00007ffdbf490000 - 0x00007ffdbf685000 	C:\Windows\SYSTEM32\ntdll.dll
0x00007ffdbf130000 - 0x00007ffdbf1ee000 	C:\Windows\System32\KERNEL32.DLL
0x00007ffdbd1b0000 - 0x00007ffdbd478000 	C:\Windows\System32\KERNELBASE.dll
0x00007ffdbcdf0000 - 0x00007ffdbcef0000 	C:\Windows\System32\ucrtbase.dll
0x00007ffd9ed20000 - 0x00007ffd9ed37000 	C:\Program Files\Android\Android Studio\jre\bin\VCRUNTIME140.dll
0x00007ffd9eb90000 - 0x00007ffd9eba9000 	C:\Program Files\Android\Android Studio\jre\bin\jli.dll
0x00007ffdbe7e0000 - 0x00007ffdbe980000 	C:\Windows\System32\USER32.dll
0x00007ffdaee40000 - 0x00007ffdaf0da000 	C:\Windows\WinSxS\amd64_microsoft.windows.common-controls_6595b64144ccf1df_6.0.19041.1110_none_60b5254171f9507e\COMCTL32.dll
0x00007ffdbcdc0000 - 0x00007ffdbcde2000 	C:\Windows\System32\win32u.dll
0x00007ffdbf330000 - 0x00007ffdbf3ce000 	C:\Windows\System32\msvcrt.dll
0x00007ffdbde60000 - 0x00007ffdbde8a000 	C:\Windows\System32\GDI32.dll
0x00007ffdbcbb0000 - 0x00007ffdbccbb000 	C:\Windows\System32\gdi32full.dll
0x00007ffdbd080000 - 0x00007ffdbd11d000 	C:\Windows\System32\msvcp_win.dll
0x00007ffdbe7b0000 - 0x00007ffdbe7e0000 	C:\Windows\System32\IMM32.DLL
0x00007ffd66f80000 - 0x00007ffd6701d000 	C:\Program Files\Android\Android Studio\jre\bin\msvcp140.dll
0x00007ffd4e820000 - 0x00007ffd4f2f5000 	C:\Program Files\Android\Android Studio\jre\bin\server\jvm.dll
0x00007ffdbea30000 - 0x00007ffdbeade000 	C:\Windows\System32\ADVAPI32.dll
0x00007ffdbe690000 - 0x00007ffdbe72c000 	C:\Windows\System32\sechost.dll
0x00007ffdbdbe0000 - 0x00007ffdbdd05000 	C:\Windows\System32\RPCRT4.dll
0x00007ffdbe730000 - 0x00007ffdbe738000 	C:\Windows\System32\PSAPI.DLL
0x00007ffdb3790000 - 0x00007ffdb3799000 	C:\Windows\SYSTEM32\WSOCK32.dll
0x00007ffda4670000 - 0x00007ffda4697000 	C:\Windows\SYSTEM32\WINMM.dll
0x00007ffdb4b70000 - 0x00007ffdb4b7a000 	C:\Windows\SYSTEM32\VERSION.dll
0x00007ffdbf030000 - 0x00007ffdbf09b000 	C:\Windows\System32\WS2_32.dll
0x00007ffdbaad0000 - 0x00007ffdbaae2000 	C:\Windows\SYSTEM32\kernel.appcore.dll
0x00007ffdaace0000 - 0x00007ffdaacf1000 	C:\Program Files\Android\Android Studio\jre\bin\verify.dll
0x00007ffdb4180000 - 0x00007ffdb4364000 	C:\Windows\SYSTEM32\DBGHELP.DLL
0x00007ffdb4430000 - 0x00007ffdb445c000 	C:\Windows\SYSTEM32\dbgcore.DLL
0x00007ffdbd120000 - 0x00007ffdbd1a2000 	C:\Windows\System32\bcryptPrimitives.dll
0x00007ffda26e0000 - 0x00007ffda2709000 	C:\Program Files\Android\Android Studio\jre\bin\java.dll
0x00007ffdb0950000 - 0x00007ffdb095b000 	C:\Program Files\Android\Android Studio\jre\bin\jimage.dll
0x00007ffda6370000 - 0x00007ffda6388000 	C:\Program Files\Android\Android Studio\jre\bin\zip.dll
0x00007ffdbdf40000 - 0x00007ffdbe684000 	C:\Windows\System32\SHELL32.dll
0x00007ffdbacd0000 - 0x00007ffdbb464000 	C:\Windows\SYSTEM32\windows.storage.dll
0x00007ffdbec10000 - 0x00007ffdbef64000 	C:\Windows\System32\combase.dll
0x00007ffdbc620000 - 0x00007ffdbc64c000 	C:\Windows\SYSTEM32\Wldp.dll
0x00007ffdbde90000 - 0x00007ffdbdf3d000 	C:\Windows\System32\SHCORE.dll
0x00007ffdbf1f0000 - 0x00007ffdbf245000 	C:\Windows\System32\shlwapi.dll
0x00007ffdbcaf0000 - 0x00007ffdbcb0f000 	C:\Windows\SYSTEM32\profapi.dll
0x00007ffda3b40000 - 0x00007ffda3b5a000 	C:\Program Files\Android\Android Studio\jre\bin\net.dll
0x00007ffdb1d40000 - 0x00007ffdb1e4a000 	C:\Windows\SYSTEM32\WINHTTP.dll
0x00007ffdbc380000 - 0x00007ffdbc3ea000 	C:\Windows\system32\mswsock.dll
0x00007ffda27b0000 - 0x00007ffda27c4000 	C:\Program Files\Android\Android Studio\jre\bin\nio.dll
0x00007ffd8dc70000 - 0x00007ffd8dc97000 	C:\Users\acer\.gradle\native\e1d6ef7f7dcc3fd88c89a11ec53ec762bb8ba0a96d01ffa2cd45eb1d1d8dd5c5\windows-amd64\native-platform.dll
0x00007ffd4e310000 - 0x00007ffd4e454000 	C:\Users\acer\.gradle\native\5664cfc778a61ccfe75a443a1ab52a65af34e5dc3c78e0209fed803814484fcb\windows-amd64\native-platform-file-events.dll
0x00007ffdb0820000 - 0x00007ffdb082a000 	C:\Program Files\Android\Android Studio\jre\bin\management.dll
0x00007ffdad170000 - 0x00007ffdad17d000 	C:\Program Files\Android\Android Studio\jre\bin\management_ext.dll
0x00007ffdbc580000 - 0x00007ffdbc598000 	C:\Windows\SYSTEM32\CRYPTSP.dll
0x00007ffdbbc90000 - 0x00007ffdbbcc4000 	C:\Windows\system32\rsaenh.dll
0x00007ffdbcef0000 - 0x00007ffdbcf17000 	C:\Windows\System32\bcrypt.dll
0x00007ffdbca70000 - 0x00007ffdbca9e000 	C:\Windows\SYSTEM32\USERENV.dll
0x00007ffdbc570000 - 0x00007ffdbc57c000 	C:\Windows\SYSTEM32\CRYPTBASE.dll
0x00007ffdbc020000 - 0x00007ffdbc05b000 	C:\Windows\SYSTEM32\IPHLPAPI.DLL
0x00007ffdbe7a0000 - 0x00007ffdbe7a8000 	C:\Windows\System32\NSI.dll
0x00007ffdb5310000 - 0x00007ffdb5327000 	C:\Windows\SYSTEM32\dhcpcsvc6.DLL
0x00007ffdb6030000 - 0x00007ffdb604d000 	C:\Windows\SYSTEM32\dhcpcsvc.DLL
0x00007ffdbc060000 - 0x00007ffdbc12b000 	C:\Windows\SYSTEM32\DNSAPI.dll

dbghelp: loaded successfully - version: 4.0.5 - missing functions: none
symbol engine: initialized successfully - sym options: 0x614 - pdb path: .;C:\Program Files\Android\Android Studio\jre\bin;C:\Windows\SYSTEM32;C:\Windows\WinSxS\amd64_microsoft.windows.common-controls_6595b64144ccf1df_6.0.19041.1110_none_60b5254171f9507e;C:\Program Files\Android\Android Studio\jre\bin\server;C:\Users\acer\.gradle\native\e1d6ef7f7dcc3fd88c89a11ec53ec762bb8ba0a96d01ffa2cd45eb1d1d8dd5c5\windows-amd64;C:\Users\acer\.gradle\native\5664cfc778a61ccfe75a443a1ab52a65af34e5dc3c78e0209fed803814484fcb\windows-amd64

VM Arguments:
jvm_args: --add-opens=java.base/java.util=ALL-UNNAMED --add-opens=java.base/java.lang=ALL-UNNAMED --add-opens=java.base/java.lang.invoke=ALL-UNNAMED --add-opens=java.base/java.util=ALL-UNNAMED --add-opens=java.prefs/java.util.prefs=ALL-UNNAMED --add-opens=java.prefs/java.util.prefs=ALL-UNNAMED --add-opens=java.base/java.nio.charset=ALL-UNNAMED --add-opens=java.base/java.net=ALL-UNNAMED --add-opens=java.base/java.util.concurrent.atomic=ALL-UNNAMED -Xmx2048m -Dfile.encoding=UTF-8 -Duser.country=ID -Duser.language=en -Duser.variant 
java_command: org.gradle.launcher.daemon.bootstrap.GradleDaemon 7.2
java_class_path (initial): C:\Users\acer\.gradle\wrapper\dists\gradle-7.2-bin\2dnblmf4td7x66yl1d74lt32g\gradle-7.2\lib\gradle-launcher-7.2.jar
Launcher Type: SUN_STANDARD

[Global flags]
     intx CICompilerCount                          = 4                                         {product} {ergonomic}
     uint ConcGCThreads                            = 2                                         {product} {ergonomic}
     uint G1ConcRefinementThreads                  = 8                                         {product} {ergonomic}
   size_t G1HeapRegionSize                         = 1048576                                   {product} {ergonomic}
    uintx GCDrainStackTargetSize                   = 64                                        {product} {ergonomic}
   size_t InitialHeapSize                          = 266338304                                 {product} {ergonomic}
   size_t MarkStackSize                            = 4194304                                   {product} {ergonomic}
   size_t MaxHeapSize                              = 2147483648                                {product} {command line}
   size_t MaxNewSize                               = 1287651328                                {product} {ergonomic}
   size_t MinHeapDeltaBytes                        = 1048576                                   {product} {ergonomic}
    uintx NonNMethodCodeHeapSize                   = 5836300                                {pd product} {ergonomic}
    uintx NonProfiledCodeHeapSize                  = 122910970                              {pd product} {ergonomic}
    uintx ProfiledCodeHeapSize                     = 122910970                              {pd product} {ergonomic}
    uintx ReservedCodeCacheSize                    = 251658240                              {pd product} {ergonomic}
     bool SegmentedCodeCache                       = true                                      {product} {ergonomic}
     bool UseCompressedClassPointers               = true                                 {lp64_product} {ergonomic}
     bool UseCompressedOops                        = true                                 {lp64_product} {ergonomic}
     bool UseG1GC                                  = true                                      {product} {ergonomic}
     bool UseLargePagesIndividualAllocation        = false                                  {pd product} {ergonomic}

Logging:
Log output configuration:
 #0: stdout all=warning uptime,level,tags
 #1: stderr all=off uptime,level,tags

Environment Variables:
PATH=C:\Program Files (x86)\Common Files\Oracle\Java\javapath;C:\Windows\system32;C:\Windows;C:\Windows\System32\Wbem;C:\Windows\System32\WindowsPowerShell\v1.0\;C:\Windows\System32\OpenSSH\;C:\Program Files\NVIDIA Corporation\NVIDIA NvDLISR;C:\Program Files (x86)\NVIDIA Corporation\PhysX\Common;C:\xampp\php;C:\Program Files\Git\cmd;C:\Program Files\Java\jdk1.7.0_80\bin;C:\Users\acer\AppData\Local\Programs\Microsoft VS Code\bin
USERNAME=acer
OS=Windows_NT
PROCESSOR_IDENTIFIER=Intel64 Family 6 Model 158 Stepping 9, GenuineIntel



---------------  S Y S T E M  ---------------

OS: Windows 10 , 64 bit Build 19041 (10.0.19041.1645)
OS uptime: 1 days 12:07 hours

CPU:total 8 (initial active 8) (4 cores per cpu, 2 threads per core) family 6 model 158 stepping 9 microcode 0xb4, cmov, cx8, fxsr, mmx, sse, sse2, sse3, ssse3, sse4.1, sse4.2, popcnt, avx, avx2, aes, clmul, erms, 3dnowpref, lzcnt, ht, tsc, tscinvbit, bmi1, bmi2, adx, fma

Memory: 4k page, system-wide physical 16252M (1476M free)
TotalPageFile size 16252M (AvailPageFile size 0M)
current process WorkingSet (physical memory assigned to process): 257M, peak: 264M
current process commit charge ("private bytes"): 423M, peak: 434M

vm_info: OpenJDK 64-Bit Server VM (11.0.11+9-b60-7590822) for windows-amd64 JRE (11.0.11+9-b60-7590822), built on Jul 29 2021 21:43:44 by "builder" with MS VC++ 14.0 (VS2015)

END.
